<?xml version="1.0" encoding="UTF-8"?>
<!-- Generated by org.testng.reporters.JUnitXMLReporter -->
<testsuite ignored="0" hostname="DESKTOP-5F714E5" failures="0" tests="77" name="A user can enter a trip end date" time="112.658" errors="0" timestamp="2022-01-18T08:48:18 IST">
  <testcase classname="TestCases.TC_ID1819" name="Scenario1819" time="0.018"/>
  <testcase classname="TestCases.TC_ID1819" name="Scenario1819" time="0.0"/>
  <testcase classname="TestCases.TC_ID1819" name="Scenario1819" time="0.001"/>
  <testcase classname="TestCases.TC_ID1819" name="Scenario1819" time="0.001"/>
  <testcase classname="TestCases.TC_ID1819" name="Scenario1819" time="0.0"/>
  <testcase classname="TestCases.TC_ID1819" name="Scenario1819" time="0.001"/>
  <testcase classname="TestCases.TC_ID1819" name="Scenario1819" time="0.001"/>
  <testcase classname="TestCases.TC_ID1819" name="Scenario1819" time="0.0"/>
  <testcase classname="TestCases.TC_ID1819" name="Scenario1819" time="0.0"/>
  <testcase classname="TestCases.TC_ID1819" name="Scenario1819" time="0.0"/>
  <testcase classname="TestCases.TC_ID1819" name="Scenario1819" time="0.0"/>
  <testcase classname="TestCases.TC_ID1819" name="Scenario1819" time="0.0"/>
  <testcase classname="TestCases.TC_ID1819" name="Scenario1819" time="0.0"/>
  <testcase classname="TestCases.TC_ID1819" name="Scenario1819" time="0.001"/>
  <testcase classname="TestCases.TC_ID1819" name="Scenario1819" time="0.0"/>
  <testcase classname="TestCases.TC_ID1819" name="Scenario1819" time="0.001"/>
  <testcase classname="TestCases.TC_ID1819" name="Scenario1819" time="0.0"/>
  <testcase classname="TestCases.TC_ID1819" name="Scenario1819" time="0.0"/>
  <testcase classname="TestCases.TC_ID1819" name="Scenario1819" time="0.0"/>
  <testcase classname="TestCases.TC_ID1819" name="Scenario1819" time="0.001"/>
  <testcase classname="TestCases.TC_ID1819" name="Scenario1819" time="0.001"/>
  <testcase classname="TestCases.TC_ID1819" name="Scenario1819" time="0.0"/>
  <testcase classname="TestCases.TC_ID1819" name="Scenario1819" time="11.252"/>
  <testcase classname="TestCases.TC_ID1819" name="Scenario1819" time="0.001"/>
  <testcase classname="TestCases.TC_ID1819" name="Scenario1819" time="0.001"/>
  <testcase classname="TestCases.TC_ID1819" name="Scenario1819" time="0.001"/>
  <testcase classname="TestCases.TC_ID1819" name="Scenario1819" time="0.0"/>
  <testcase classname="TestCases.TC_ID1819" name="Scenario1819" time="0.001"/>
  <testcase classname="TestCases.TC_ID1819" name="Scenario1819" time="0.001"/>
  <testcase classname="TestCases.TC_ID1819" name="Scenario1819" time="0.001"/>
  <testcase classname="TestCases.TC_ID1819" name="Scenario1819" time="0.001"/>
  <testcase classname="TestCases.TC_ID1819" name="Scenario1819" time="0.001"/>
  <testcase classname="TestCases.TC_ID1819" name="Scenario1819" time="0.001"/>
  <testcase classname="TestCases.TC_ID1819" name="Scenario1819" time="0.001"/>
  <testcase classname="TestCases.TC_ID1819" name="Scenario1819" time="0.001"/>
  <testcase classname="TestCases.TC_ID1819" name="Scenario1819" time="0.0"/>
  <testcase classname="TestCases.TC_ID1819" name="Scenario1819" time="0.0"/>
  <testcase classname="TestCases.TC_ID1819" name="Scenario1819" time="0.001"/>
  <testcase classname="TestCases.TC_ID1819" name="Scenario1819" time="0.001"/>
  <testcase classname="TestCases.TC_ID1819" name="Scenario1819" time="0.0"/>
  <testcase classname="TestCases.TC_ID1819" name="Scenario1819" time="0.001"/>
  <testcase classname="TestCases.TC_ID1819" name="Scenario1819" time="0.0"/>
  <testcase classname="TestCases.TC_ID1819" name="Scenario1819" time="0.0"/>
  <testcase classname="TestCases.TC_ID1819" name="Scenario1819" time="0.0"/>
  <testcase classname="TestCases.TC_ID1819" name="Scenario1819" time="0.001"/>
  <testcase classname="TestCases.TC_ID1819" name="Scenario1819" time="0.001"/>
  <testcase classname="TestCases.TC_ID1819" name="Scenario1819" time="0.0"/>
  <testcase classname="TestCases.TC_ID1819" name="Scenario1819" time="0.0"/>
  <testcase classname="TestCases.TC_ID1819" name="Scenario1819" time="0.0"/>
  <testcase classname="TestCases.TC_ID1819" name="Scenario1819" time="0.001"/>
  <testcase classname="TestCases.TC_ID1819" name="Scenario1819" time="0.001"/>
  <testcase classname="TestCases.TC_ID1819" name="Scenario1819" time="0.002"/>
  <testcase classname="TestCases.TC_ID1819" name="Scenario1819" time="0.0"/>
  <testcase classname="TestCases.TC_ID1819" name="Scenario1819" time="0.0"/>
  <testcase classname="TestCases.TC_ID1819" name="Scenario1819" time="0.0"/>
  <testcase classname="TestCases.TC_ID1819" name="Scenario1819" time="0.001"/>
  <testcase classname="TestCases.TC_ID1819" name="Scenario1819" time="0.001"/>
  <testcase classname="TestCases.TC_ID1819" name="Scenario1819" time="0.001"/>
  <testcase classname="TestCases.TC_ID1819" name="Scenario1819" time="0.001"/>
  <testcase classname="TestCases.TC_ID1819" name="Scenario1819" time="0.0"/>
  <testcase classname="TestCases.TC_ID1819" name="Scenario1819" time="0.0"/>
  <testcase classname="TestCases.TC_ID1819" name="Scenario1819" time="0.0"/>
  <testcase classname="TestCases.TC_ID1819" name="Scenario1819" time="0.0"/>
  <testcase classname="TestCases.TC_ID1819" name="Scenario1819" time="0.0"/>
  <testcase classname="TestCases.TC_ID1819" name="Scenario1819" time="0.001"/>
  <testcase classname="TestCases.TC_ID1819" name="Scenario1819" time="0.0"/>
  <testcase classname="TestCases.TC_ID1819" name="Scenario1819" time="0.0"/>
  <testcase classname="TestCases.TC_ID1819" name="Scenario1819" time="0.001"/>
  <testcase classname="TestCases.TC_ID1819" name="Scenario1819" time="0.001"/>
  <testcase classname="TestCases.TC_ID1819" name="Scenario1819" time="0.0"/>
  <testcase classname="TestCases.TC_ID1819" name="Scenario1819" time="0.0"/>
  <testcase classname="TestCases.TC_ID1819" name="Scenario1819" time="0.001"/>
  <testcase classname="TestCases.TC_ID1819" name="Scenario1819" time="0.001"/>
  <testcase classname="TestCases.TC_ID1819" name="Scenario1819" time="0.001"/>
  <testcase classname="TestCases.TC_ID1819" name="Scenario1819" time="0.001"/>
  <testcase classname="TestCases.TC_ID1819" name="Scenario1819" time="0.001"/>
  <testcase classname="TestCases.TC_ID1819" name="Scenario1819" time="0.001"/>
</testsuite> <!-- A user can enter a trip end date -->
