<?xml version="1.0" encoding="UTF-8"?>
<!-- Generated by org.testng.reporters.JUnitXMLReporter -->
<testsuite ignored="0" hostname="DESKTOP-5F714E5" failures="0" tests="77" name="A user can see the Medical Screening system (Verisk)" time="169.301" errors="0" timestamp="2022-01-18T08:28:17 IST">
  <testcase classname="TestCases.TC_ID1806" name="Scenario1806" time="0.009"/>
  <testcase classname="TestCases.TC_ID1806" name="Scenario1806" time="0.0"/>
  <testcase classname="TestCases.TC_ID1806" name="Scenario1806" time="0.0"/>
  <testcase classname="TestCases.TC_ID1806" name="Scenario1806" time="0.0"/>
  <testcase classname="TestCases.TC_ID1806" name="Scenario1806" time="0.0"/>
  <testcase classname="TestCases.TC_ID1806" name="Scenario1806" time="0.0"/>
  <testcase classname="TestCases.TC_ID1806" name="Scenario1806" time="0.001"/>
  <testcase classname="TestCases.TC_ID1806" name="Scenario1806" time="0.001"/>
  <testcase classname="TestCases.TC_ID1806" name="Scenario1806" time="0.001"/>
  <testcase classname="TestCases.TC_ID1806" name="Scenario1806" time="0.001"/>
  <testcase classname="TestCases.TC_ID1806" name="Scenario1806" time="0.001"/>
  <testcase classname="TestCases.TC_ID1806" name="Scenario1806" time="0.001"/>
  <testcase classname="TestCases.TC_ID1806" name="Scenario1806" time="0.002"/>
  <testcase classname="TestCases.TC_ID1806" name="Scenario1806" time="0.0"/>
  <testcase classname="TestCases.TC_ID1806" name="Scenario1806" time="0.0"/>
  <testcase classname="TestCases.TC_ID1806" name="Scenario1806" time="0.002"/>
  <testcase classname="TestCases.TC_ID1806" name="Scenario1806" time="65.784"/>
  <testcase classname="TestCases.TC_ID1806" name="Scenario1806" time="0.0"/>
  <testcase classname="TestCases.TC_ID1806" name="Scenario1806" time="0.0"/>
  <testcase classname="TestCases.TC_ID1806" name="Scenario1806" time="0.001"/>
  <testcase classname="TestCases.TC_ID1806" name="Scenario1806" time="0.001"/>
  <testcase classname="TestCases.TC_ID1806" name="Scenario1806" time="0.0"/>
  <testcase classname="TestCases.TC_ID1806" name="Scenario1806" time="0.0"/>
  <testcase classname="TestCases.TC_ID1806" name="Scenario1806" time="0.001"/>
  <testcase classname="TestCases.TC_ID1806" name="Scenario1806" time="0.001"/>
  <testcase classname="TestCases.TC_ID1806" name="Scenario1806" time="0.0"/>
  <testcase classname="TestCases.TC_ID1806" name="Scenario1806" time="0.001"/>
  <testcase classname="TestCases.TC_ID1806" name="Scenario1806" time="0.001"/>
  <testcase classname="TestCases.TC_ID1806" name="Scenario1806" time="0.0"/>
  <testcase classname="TestCases.TC_ID1806" name="Scenario1806" time="0.0"/>
  <testcase classname="TestCases.TC_ID1806" name="Scenario1806" time="0.001"/>
  <testcase classname="TestCases.TC_ID1806" name="Scenario1806" time="0.0"/>
  <testcase classname="TestCases.TC_ID1806" name="Scenario1806" time="0.0"/>
  <testcase classname="TestCases.TC_ID1806" name="Scenario1806" time="0.0"/>
  <testcase classname="TestCases.TC_ID1806" name="Scenario1806" time="0.0"/>
  <testcase classname="TestCases.TC_ID1806" name="Scenario1806" time="0.0"/>
  <testcase classname="TestCases.TC_ID1806" name="Scenario1806" time="0.001"/>
  <testcase classname="TestCases.TC_ID1806" name="Scenario1806" time="0.001"/>
  <testcase classname="TestCases.TC_ID1806" name="Scenario1806" time="0.0"/>
  <testcase classname="TestCases.TC_ID1806" name="Scenario1806" time="0.0"/>
  <testcase classname="TestCases.TC_ID1806" name="Scenario1806" time="0.0"/>
  <testcase classname="TestCases.TC_ID1806" name="Scenario1806" time="0.001"/>
  <testcase classname="TestCases.TC_ID1806" name="Scenario1806" time="0.0"/>
  <testcase classname="TestCases.TC_ID1806" name="Scenario1806" time="0.0"/>
  <testcase classname="TestCases.TC_ID1806" name="Scenario1806" time="0.0"/>
  <testcase classname="TestCases.TC_ID1806" name="Scenario1806" time="0.0"/>
  <testcase classname="TestCases.TC_ID1806" name="Scenario1806" time="0.0"/>
  <testcase classname="TestCases.TC_ID1806" name="Scenario1806" time="0.001"/>
  <testcase classname="TestCases.TC_ID1806" name="Scenario1806" time="0.0"/>
  <testcase classname="TestCases.TC_ID1806" name="Scenario1806" time="0.001"/>
  <testcase classname="TestCases.TC_ID1806" name="Scenario1806" time="0.001"/>
  <testcase classname="TestCases.TC_ID1806" name="Scenario1806" time="0.001"/>
  <testcase classname="TestCases.TC_ID1806" name="Scenario1806" time="0.001"/>
  <testcase classname="TestCases.TC_ID1806" name="Scenario1806" time="0.001"/>
  <testcase classname="TestCases.TC_ID1806" name="Scenario1806" time="0.001"/>
  <testcase classname="TestCases.TC_ID1806" name="Scenario1806" time="0.001"/>
  <testcase classname="TestCases.TC_ID1806" name="Scenario1806" time="0.0"/>
  <testcase classname="TestCases.TC_ID1806" name="Scenario1806" time="0.0"/>
  <testcase classname="TestCases.TC_ID1806" name="Scenario1806" time="0.0"/>
  <testcase classname="TestCases.TC_ID1806" name="Scenario1806" time="0.001"/>
  <testcase classname="TestCases.TC_ID1806" name="Scenario1806" time="0.001"/>
  <testcase classname="TestCases.TC_ID1806" name="Scenario1806" time="0.001"/>
  <testcase classname="TestCases.TC_ID1806" name="Scenario1806" time="0.001"/>
  <testcase classname="TestCases.TC_ID1806" name="Scenario1806" time="0.001"/>
  <testcase classname="TestCases.TC_ID1806" name="Scenario1806" time="0.001"/>
  <testcase classname="TestCases.TC_ID1806" name="Scenario1806" time="0.0"/>
  <testcase classname="TestCases.TC_ID1806" name="Scenario1806" time="0.0"/>
  <testcase classname="TestCases.TC_ID1806" name="Scenario1806" time="0.0"/>
  <testcase classname="TestCases.TC_ID1806" name="Scenario1806" time="0.001"/>
  <testcase classname="TestCases.TC_ID1806" name="Scenario1806" time="0.001"/>
  <testcase classname="TestCases.TC_ID1806" name="Scenario1806" time="0.001"/>
  <testcase classname="TestCases.TC_ID1806" name="Scenario1806" time="0.001"/>
  <testcase classname="TestCases.TC_ID1806" name="Scenario1806" time="0.001"/>
  <testcase classname="TestCases.TC_ID1806" name="Scenario1806" time="0.001"/>
  <testcase classname="TestCases.TC_ID1806" name="Scenario1806" time="0.0"/>
  <testcase classname="TestCases.TC_ID1806" name="Scenario1806" time="0.0"/>
  <testcase classname="TestCases.TC_ID1806" name="Scenario1806" time="0.0"/>
</testsuite> <!-- A user can see the Medical Screening system (Verisk) -->
