<?xml version="1.0" encoding="UTF-8"?>
<!-- Generated by org.testng.reporters.JUnitXMLReporter -->
<testsuite ignored="0" hostname="DESKTOP-5F714E5" failures="0" tests="41" name="A user can answer Terms and Conditions question" time="108.938" errors="0" timestamp="2021-10-04T22:12:45 IST">
  <testcase classname="TestCases.TC_ID1849" name="Verify_Traveller_Details_Fields" time="0.015"/>
  <testcase classname="TestCases.TC_ID1849" name="Verify_Traveller_Details_Fields" time="0.001"/>
  <testcase classname="TestCases.TC_ID1849" name="Verify_Traveller_Details_Fields" time="0.001"/>
  <testcase classname="TestCases.TC_ID1849" name="Verify_Traveller_Details_Fields" time="0.001"/>
  <testcase classname="TestCases.TC_ID1849" name="Verify_Traveller_Details_Fields" time="0.001"/>
  <testcase classname="TestCases.TC_ID1849" name="Verify_Traveller_Details_Fields" time="0.001"/>
  <testcase classname="TestCases.TC_ID1849" name="Verify_Traveller_Details_Fields" time="0.0"/>
  <testcase classname="TestCases.TC_ID1849" name="Verify_Traveller_Details_Fields" time="0.001"/>
  <testcase classname="TestCases.TC_ID1849" name="Verify_Traveller_Details_Fields" time="0.0"/>
  <testcase classname="TestCases.TC_ID1849" name="Verify_Traveller_Details_Fields" time="0.001"/>
  <testcase classname="TestCases.TC_ID1849" name="Verify_Traveller_Details_Fields" time="0.001"/>
  <testcase classname="TestCases.TC_ID1849" name="Verify_Traveller_Details_Fields" time="0.001"/>
  <testcase classname="TestCases.TC_ID1849" name="Verify_Traveller_Details_Fields" time="0.006"/>
  <testcase classname="TestCases.TC_ID1849" name="Verify_Traveller_Details_Fields" time="0.002"/>
  <testcase classname="TestCases.TC_ID1849" name="Verify_Traveller_Details_Fields" time="0.003"/>
  <testcase classname="TestCases.TC_ID1849" name="Verify_Traveller_Details_Fields" time="0.002"/>
  <testcase classname="TestCases.TC_ID1849" name="Verify_Traveller_Details_Fields" time="0.001"/>
  <testcase classname="TestCases.TC_ID1849" name="Verify_Traveller_Details_Fields" time="0.001"/>
  <testcase classname="TestCases.TC_ID1849" name="Verify_Traveller_Details_Fields" time="0.0"/>
  <testcase classname="TestCases.TC_ID1849" name="Verify_Traveller_Details_Fields" time="0.001"/>
  <testcase classname="TestCases.TC_ID1849" name="Verify_Traveller_Details_Fields" time="0.002"/>
  <testcase classname="TestCases.TC_ID1849" name="Verify_Traveller_Details_Fields" time="0.001"/>
  <testcase classname="TestCases.TC_ID1849" name="Verify_Traveller_Details_Fields" time="0.001"/>
  <testcase classname="TestCases.TC_ID1849" name="Verify_Traveller_Details_Fields" time="0.0"/>
  <testcase classname="TestCases.TC_ID1849" name="Verify_Traveller_Details_Fields" time="0.001"/>
  <testcase classname="TestCases.TC_ID1849" name="Verify_Traveller_Details_Fields" time="0.001"/>
  <testcase classname="TestCases.TC_ID1849" name="Verify_Traveller_Details_Fields" time="0.0"/>
  <testcase classname="TestCases.TC_ID1849" name="Verify_Traveller_Details_Fields" time="34.648"/>
  <testcase classname="TestCases.TC_ID1849" name="Verify_Traveller_Details_Fields" time="0.0"/>
  <testcase classname="TestCases.TC_ID1849" name="Verify_Traveller_Details_Fields" time="0.0"/>
  <testcase classname="TestCases.TC_ID1849" name="Verify_Traveller_Details_Fields" time="0.001"/>
  <testcase classname="TestCases.TC_ID1849" name="Verify_Traveller_Details_Fields" time="0.001"/>
  <testcase classname="TestCases.TC_ID1849" name="Verify_Traveller_Details_Fields" time="0.001"/>
  <testcase classname="TestCases.TC_ID1849" name="Verify_Traveller_Details_Fields" time="0.001"/>
  <testcase classname="TestCases.TC_ID1849" name="Verify_Traveller_Details_Fields" time="0.0"/>
  <testcase classname="TestCases.TC_ID1849" name="Verify_Traveller_Details_Fields" time="0.001"/>
  <testcase classname="TestCases.TC_ID1849" name="Verify_Traveller_Details_Fields" time="0.001"/>
  <testcase classname="TestCases.TC_ID1849" name="Verify_Traveller_Details_Fields" time="0.001"/>
  <testcase classname="TestCases.TC_ID1849" name="Verify_Traveller_Details_Fields" time="0.001"/>
  <testcase classname="TestCases.TC_ID1849" name="Verify_Traveller_Details_Fields" time="0.001"/>
  <testcase classname="TestCases.TC_ID1849" name="Verify_Traveller_Details_Fields" time="0.0"/>
</testsuite> <!-- A user can answer Terms and Conditions question -->
