<?xml version="1.0" encoding="UTF-8"?>
<!-- Generated by org.testng.reporters.JUnitXMLReporter -->
<testsuite ignored="0" hostname="DESKTOP-5F714E5" failures="0" tests="77" name="A user can add a date of birth for relevant travellers" time="117.269" errors="0" timestamp="2022-01-18T08:40:46 IST">
  <testcase classname="TestCases.TC_ID1817" name="Scenario1817" time="0.007"/>
  <testcase classname="TestCases.TC_ID1817" name="Scenario1817" time="0.001"/>
  <testcase classname="TestCases.TC_ID1817" name="Scenario1817" time="0.001"/>
  <testcase classname="TestCases.TC_ID1817" name="Scenario1817" time="0.001"/>
  <testcase classname="TestCases.TC_ID1817" name="Scenario1817" time="0.001"/>
  <testcase classname="TestCases.TC_ID1817" name="Scenario1817" time="0.001"/>
  <testcase classname="TestCases.TC_ID1817" name="Scenario1817" time="0.001"/>
  <testcase classname="TestCases.TC_ID1817" name="Scenario1817" time="0.001"/>
  <testcase classname="TestCases.TC_ID1817" name="Scenario1817" time="0.001"/>
  <testcase classname="TestCases.TC_ID1817" name="Scenario1817" time="0.001"/>
  <testcase classname="TestCases.TC_ID1817" name="Scenario1817" time="0.001"/>
  <testcase classname="TestCases.TC_ID1817" name="Scenario1817" time="0.001"/>
  <testcase classname="TestCases.TC_ID1817" name="Scenario1817" time="0.001"/>
  <testcase classname="TestCases.TC_ID1817" name="Scenario1817" time="0.001"/>
  <testcase classname="TestCases.TC_ID1817" name="Scenario1817" time="0.001"/>
  <testcase classname="TestCases.TC_ID1817" name="Scenario1817" time="0.001"/>
  <testcase classname="TestCases.TC_ID1817" name="Scenario1817" time="0.001"/>
  <testcase classname="TestCases.TC_ID1817" name="Scenario1817" time="0.001"/>
  <testcase classname="TestCases.TC_ID1817" name="Scenario1817" time="0.001"/>
  <testcase classname="TestCases.TC_ID1817" name="Scenario1817" time="0.001"/>
  <testcase classname="TestCases.TC_ID1817" name="Scenario1817" time="0.001"/>
  <testcase classname="TestCases.TC_ID1817" name="Scenario1817" time="15.969"/>
  <testcase classname="TestCases.TC_ID1817" name="Scenario1817" time="0.0"/>
  <testcase classname="TestCases.TC_ID1817" name="Scenario1817" time="0.0"/>
  <testcase classname="TestCases.TC_ID1817" name="Scenario1817" time="0.0"/>
  <testcase classname="TestCases.TC_ID1817" name="Scenario1817" time="0.0"/>
  <testcase classname="TestCases.TC_ID1817" name="Scenario1817" time="0.0"/>
  <testcase classname="TestCases.TC_ID1817" name="Scenario1817" time="0.0"/>
  <testcase classname="TestCases.TC_ID1817" name="Scenario1817" time="0.0"/>
  <testcase classname="TestCases.TC_ID1817" name="Scenario1817" time="0.0"/>
  <testcase classname="TestCases.TC_ID1817" name="Scenario1817" time="0.0"/>
  <testcase classname="TestCases.TC_ID1817" name="Scenario1817" time="0.0"/>
  <testcase classname="TestCases.TC_ID1817" name="Scenario1817" time="0.001"/>
  <testcase classname="TestCases.TC_ID1817" name="Scenario1817" time="0.001"/>
  <testcase classname="TestCases.TC_ID1817" name="Scenario1817" time="0.0"/>
  <testcase classname="TestCases.TC_ID1817" name="Scenario1817" time="0.0"/>
  <testcase classname="TestCases.TC_ID1817" name="Scenario1817" time="0.0"/>
  <testcase classname="TestCases.TC_ID1817" name="Scenario1817" time="0.001"/>
  <testcase classname="TestCases.TC_ID1817" name="Scenario1817" time="0.0"/>
  <testcase classname="TestCases.TC_ID1817" name="Scenario1817" time="0.0"/>
  <testcase classname="TestCases.TC_ID1817" name="Scenario1817" time="0.001"/>
  <testcase classname="TestCases.TC_ID1817" name="Scenario1817" time="0.001"/>
  <testcase classname="TestCases.TC_ID1817" name="Scenario1817" time="0.001"/>
  <testcase classname="TestCases.TC_ID1817" name="Scenario1817" time="0.001"/>
  <testcase classname="TestCases.TC_ID1817" name="Scenario1817" time="0.0"/>
  <testcase classname="TestCases.TC_ID1817" name="Scenario1817" time="0.0"/>
  <testcase classname="TestCases.TC_ID1817" name="Scenario1817" time="0.0"/>
  <testcase classname="TestCases.TC_ID1817" name="Scenario1817" time="0.0"/>
  <testcase classname="TestCases.TC_ID1817" name="Scenario1817" time="0.0"/>
  <testcase classname="TestCases.TC_ID1817" name="Scenario1817" time="0.0"/>
  <testcase classname="TestCases.TC_ID1817" name="Scenario1817" time="0.0"/>
  <testcase classname="TestCases.TC_ID1817" name="Scenario1817" time="0.0"/>
  <testcase classname="TestCases.TC_ID1817" name="Scenario1817" time="0.0"/>
  <testcase classname="TestCases.TC_ID1817" name="Scenario1817" time="0.0"/>
  <testcase classname="TestCases.TC_ID1817" name="Scenario1817" time="0.0"/>
  <testcase classname="TestCases.TC_ID1817" name="Scenario1817" time="0.001"/>
  <testcase classname="TestCases.TC_ID1817" name="Scenario1817" time="0.0"/>
  <testcase classname="TestCases.TC_ID1817" name="Scenario1817" time="0.0"/>
  <testcase classname="TestCases.TC_ID1817" name="Scenario1817" time="0.0"/>
  <testcase classname="TestCases.TC_ID1817" name="Scenario1817" time="0.001"/>
  <testcase classname="TestCases.TC_ID1817" name="Scenario1817" time="0.0"/>
  <testcase classname="TestCases.TC_ID1817" name="Scenario1817" time="0.001"/>
  <testcase classname="TestCases.TC_ID1817" name="Scenario1817" time="0.001"/>
  <testcase classname="TestCases.TC_ID1817" name="Scenario1817" time="0.001"/>
  <testcase classname="TestCases.TC_ID1817" name="Scenario1817" time="0.0"/>
  <testcase classname="TestCases.TC_ID1817" name="Scenario1817" time="0.0"/>
  <testcase classname="TestCases.TC_ID1817" name="Scenario1817" time="0.0"/>
  <testcase classname="TestCases.TC_ID1817" name="Scenario1817" time="0.001"/>
  <testcase classname="TestCases.TC_ID1817" name="Scenario1817" time="0.001"/>
  <testcase classname="TestCases.TC_ID1817" name="Scenario1817" time="0.001"/>
  <testcase classname="TestCases.TC_ID1817" name="Scenario1817" time="0.001"/>
  <testcase classname="TestCases.TC_ID1817" name="Scenario1817" time="0.0"/>
  <testcase classname="TestCases.TC_ID1817" name="Scenario1817" time="0.001"/>
  <testcase classname="TestCases.TC_ID1817" name="Scenario1817" time="0.0"/>
  <testcase classname="TestCases.TC_ID1817" name="Scenario1817" time="0.001"/>
  <testcase classname="TestCases.TC_ID1817" name="Scenario1817" time="0.0"/>
  <testcase classname="TestCases.TC_ID1817" name="Scenario1817" time="0.001"/>
</testsuite> <!-- A user can add a date of birth for relevant travellers -->
