<?xml version="1.0" encoding="UTF-8"?>
<!-- Generated by org.testng.reporters.JUnitXMLReporter -->
<testsuite ignored="0" hostname="DESKTOP-5F714E5" failures="0" tests="77" name="As a customer I want to see the ROCK/Travel Counsellor Privacy Policy" time="105.387" errors="0" timestamp="2022-01-18T08:10:38 IST">
  <testcase classname="TestCases.TC_ID1730" name="Scenario1730" time="0.011"/>
  <testcase classname="TestCases.TC_ID1730" name="Scenario1730" time="0.0"/>
  <testcase classname="TestCases.TC_ID1730" name="Scenario1730" time="0.0"/>
  <testcase classname="TestCases.TC_ID1730" name="Scenario1730" time="0.0"/>
  <testcase classname="TestCases.TC_ID1730" name="Scenario1730" time="0.001"/>
  <testcase classname="TestCases.TC_ID1730" name="Scenario1730" time="0.001"/>
  <testcase classname="TestCases.TC_ID1730" name="Scenario1730" time="0.0"/>
  <testcase classname="TestCases.TC_ID1730" name="Scenario1730" time="0.001"/>
  <testcase classname="TestCases.TC_ID1730" name="Scenario1730" time="0.001"/>
  <testcase classname="TestCases.TC_ID1730" name="Scenario1730" time="0.001"/>
  <testcase classname="TestCases.TC_ID1730" name="Scenario1730" time="0.001"/>
  <testcase classname="TestCases.TC_ID1730" name="Scenario1730" time="3.574"/>
  <testcase classname="TestCases.TC_ID1730" name="Scenario1730" time="0.0"/>
  <testcase classname="TestCases.TC_ID1730" name="Scenario1730" time="0.001"/>
  <testcase classname="TestCases.TC_ID1730" name="Scenario1730" time="0.001"/>
  <testcase classname="TestCases.TC_ID1730" name="Scenario1730" time="0.001"/>
  <testcase classname="TestCases.TC_ID1730" name="Scenario1730" time="0.001"/>
  <testcase classname="TestCases.TC_ID1730" name="Scenario1730" time="0.0"/>
  <testcase classname="TestCases.TC_ID1730" name="Scenario1730" time="0.001"/>
  <testcase classname="TestCases.TC_ID1730" name="Scenario1730" time="0.0"/>
  <testcase classname="TestCases.TC_ID1730" name="Scenario1730" time="0.001"/>
  <testcase classname="TestCases.TC_ID1730" name="Scenario1730" time="0.001"/>
  <testcase classname="TestCases.TC_ID1730" name="Scenario1730" time="0.001"/>
  <testcase classname="TestCases.TC_ID1730" name="Scenario1730" time="0.001"/>
  <testcase classname="TestCases.TC_ID1730" name="Scenario1730" time="0.001"/>
  <testcase classname="TestCases.TC_ID1730" name="Scenario1730" time="0.0"/>
  <testcase classname="TestCases.TC_ID1730" name="Scenario1730" time="0.001"/>
  <testcase classname="TestCases.TC_ID1730" name="Scenario1730" time="0.001"/>
  <testcase classname="TestCases.TC_ID1730" name="Scenario1730" time="0.0"/>
  <testcase classname="TestCases.TC_ID1730" name="Scenario1730" time="0.002"/>
  <testcase classname="TestCases.TC_ID1730" name="Scenario1730" time="0.001"/>
  <testcase classname="TestCases.TC_ID1730" name="Scenario1730" time="0.001"/>
  <testcase classname="TestCases.TC_ID1730" name="Scenario1730" time="0.0"/>
  <testcase classname="TestCases.TC_ID1730" name="Scenario1730" time="0.001"/>
  <testcase classname="TestCases.TC_ID1730" name="Scenario1730" time="0.001"/>
  <testcase classname="TestCases.TC_ID1730" name="Scenario1730" time="0.001"/>
  <testcase classname="TestCases.TC_ID1730" name="Scenario1730" time="0.001"/>
  <testcase classname="TestCases.TC_ID1730" name="Scenario1730" time="0.001"/>
  <testcase classname="TestCases.TC_ID1730" name="Scenario1730" time="0.001"/>
  <testcase classname="TestCases.TC_ID1730" name="Scenario1730" time="0.0"/>
  <testcase classname="TestCases.TC_ID1730" name="Scenario1730" time="0.002"/>
  <testcase classname="TestCases.TC_ID1730" name="Scenario1730" time="0.001"/>
  <testcase classname="TestCases.TC_ID1730" name="Scenario1730" time="0.001"/>
  <testcase classname="TestCases.TC_ID1730" name="Scenario1730" time="0.001"/>
  <testcase classname="TestCases.TC_ID1730" name="Scenario1730" time="0.001"/>
  <testcase classname="TestCases.TC_ID1730" name="Scenario1730" time="0.001"/>
  <testcase classname="TestCases.TC_ID1730" name="Scenario1730" time="0.001"/>
  <testcase classname="TestCases.TC_ID1730" name="Scenario1730" time="0.001"/>
  <testcase classname="TestCases.TC_ID1730" name="Scenario1730" time="0.001"/>
  <testcase classname="TestCases.TC_ID1730" name="Scenario1730" time="0.001"/>
  <testcase classname="TestCases.TC_ID1730" name="Scenario1730" time="0.0"/>
  <testcase classname="TestCases.TC_ID1730" name="Scenario1730" time="0.001"/>
  <testcase classname="TestCases.TC_ID1730" name="Scenario1730" time="0.001"/>
  <testcase classname="TestCases.TC_ID1730" name="Scenario1730" time="0.001"/>
  <testcase classname="TestCases.TC_ID1730" name="Scenario1730" time="0.0"/>
  <testcase classname="TestCases.TC_ID1730" name="Scenario1730" time="0.001"/>
  <testcase classname="TestCases.TC_ID1730" name="Scenario1730" time="0.0"/>
  <testcase classname="TestCases.TC_ID1730" name="Scenario1730" time="0.002"/>
  <testcase classname="TestCases.TC_ID1730" name="Scenario1730" time="0.002"/>
  <testcase classname="TestCases.TC_ID1730" name="Scenario1730" time="0.001"/>
  <testcase classname="TestCases.TC_ID1730" name="Scenario1730" time="0.001"/>
  <testcase classname="TestCases.TC_ID1730" name="Scenario1730" time="0.001"/>
  <testcase classname="TestCases.TC_ID1730" name="Scenario1730" time="0.002"/>
  <testcase classname="TestCases.TC_ID1730" name="Scenario1730" time="0.001"/>
  <testcase classname="TestCases.TC_ID1730" name="Scenario1730" time="0.001"/>
  <testcase classname="TestCases.TC_ID1730" name="Scenario1730" time="0.001"/>
  <testcase classname="TestCases.TC_ID1730" name="Scenario1730" time="0.001"/>
  <testcase classname="TestCases.TC_ID1730" name="Scenario1730" time="0.001"/>
  <testcase classname="TestCases.TC_ID1730" name="Scenario1730" time="0.001"/>
  <testcase classname="TestCases.TC_ID1730" name="Scenario1730" time="0.001"/>
  <testcase classname="TestCases.TC_ID1730" name="Scenario1730" time="0.002"/>
  <testcase classname="TestCases.TC_ID1730" name="Scenario1730" time="0.001"/>
  <testcase classname="TestCases.TC_ID1730" name="Scenario1730" time="0.0"/>
  <testcase classname="TestCases.TC_ID1730" name="Scenario1730" time="0.001"/>
  <testcase classname="TestCases.TC_ID1730" name="Scenario1730" time="0.001"/>
  <testcase classname="TestCases.TC_ID1730" name="Scenario1730" time="0.0"/>
  <testcase classname="TestCases.TC_ID1730" name="Scenario1730" time="0.001"/>
</testsuite> <!-- As a customer I want to see the ROCK/Travel Counsellor Privacy Policy -->
