<?xml version="1.0" encoding="UTF-8"?>
<!-- Generated by org.testng.reporters.JUnitXMLReporter -->
<testsuite ignored="0" hostname="DESKTOP-5F714E5" failures="0" tests="77" name="As a customer I want to select products via the website that have been built in the back office" time="120.979" errors="0" timestamp="2022-01-18T08:04:44 IST">
  <testcase classname="TestCases.TC_ID1728" name="Scenario1728" time="0.011"/>
  <testcase classname="TestCases.TC_ID1728" name="Scenario1728" time="0.002"/>
  <testcase classname="TestCases.TC_ID1728" name="Scenario1728" time="0.001"/>
  <testcase classname="TestCases.TC_ID1728" name="Scenario1728" time="0.0"/>
  <testcase classname="TestCases.TC_ID1728" name="Scenario1728" time="0.0"/>
  <testcase classname="TestCases.TC_ID1728" name="Scenario1728" time="0.001"/>
  <testcase classname="TestCases.TC_ID1728" name="Scenario1728" time="0.001"/>
  <testcase classname="TestCases.TC_ID1728" name="Scenario1728" time="0.002"/>
  <testcase classname="TestCases.TC_ID1728" name="Scenario1728" time="18.14"/>
  <testcase classname="TestCases.TC_ID1728" name="Scenario1728" time="0.001"/>
  <testcase classname="TestCases.TC_ID1728" name="Scenario1728" time="0.0"/>
  <testcase classname="TestCases.TC_ID1728" name="Scenario1728" time="0.001"/>
  <testcase classname="TestCases.TC_ID1728" name="Scenario1728" time="0.0"/>
  <testcase classname="TestCases.TC_ID1728" name="Scenario1728" time="0.0"/>
  <testcase classname="TestCases.TC_ID1728" name="Scenario1728" time="0.0"/>
  <testcase classname="TestCases.TC_ID1728" name="Scenario1728" time="0.001"/>
  <testcase classname="TestCases.TC_ID1728" name="Scenario1728" time="0.001"/>
  <testcase classname="TestCases.TC_ID1728" name="Scenario1728" time="0.001"/>
  <testcase classname="TestCases.TC_ID1728" name="Scenario1728" time="0.001"/>
  <testcase classname="TestCases.TC_ID1728" name="Scenario1728" time="0.001"/>
  <testcase classname="TestCases.TC_ID1728" name="Scenario1728" time="0.001"/>
  <testcase classname="TestCases.TC_ID1728" name="Scenario1728" time="0.001"/>
  <testcase classname="TestCases.TC_ID1728" name="Scenario1728" time="0.001"/>
  <testcase classname="TestCases.TC_ID1728" name="Scenario1728" time="0.001"/>
  <testcase classname="TestCases.TC_ID1728" name="Scenario1728" time="0.007"/>
  <testcase classname="TestCases.TC_ID1728" name="Scenario1728" time="0.001"/>
  <testcase classname="TestCases.TC_ID1728" name="Scenario1728" time="0.001"/>
  <testcase classname="TestCases.TC_ID1728" name="Scenario1728" time="0.001"/>
  <testcase classname="TestCases.TC_ID1728" name="Scenario1728" time="0.001"/>
  <testcase classname="TestCases.TC_ID1728" name="Scenario1728" time="0.001"/>
  <testcase classname="TestCases.TC_ID1728" name="Scenario1728" time="0.001"/>
  <testcase classname="TestCases.TC_ID1728" name="Scenario1728" time="0.001"/>
  <testcase classname="TestCases.TC_ID1728" name="Scenario1728" time="0.002"/>
  <testcase classname="TestCases.TC_ID1728" name="Scenario1728" time="0.001"/>
  <testcase classname="TestCases.TC_ID1728" name="Scenario1728" time="0.002"/>
  <testcase classname="TestCases.TC_ID1728" name="Scenario1728" time="0.001"/>
  <testcase classname="TestCases.TC_ID1728" name="Scenario1728" time="0.005"/>
  <testcase classname="TestCases.TC_ID1728" name="Scenario1728" time="0.001"/>
  <testcase classname="TestCases.TC_ID1728" name="Scenario1728" time="0.001"/>
  <testcase classname="TestCases.TC_ID1728" name="Scenario1728" time="0.001"/>
  <testcase classname="TestCases.TC_ID1728" name="Scenario1728" time="0.001"/>
  <testcase classname="TestCases.TC_ID1728" name="Scenario1728" time="0.001"/>
  <testcase classname="TestCases.TC_ID1728" name="Scenario1728" time="0.001"/>
  <testcase classname="TestCases.TC_ID1728" name="Scenario1728" time="0.002"/>
  <testcase classname="TestCases.TC_ID1728" name="Scenario1728" time="0.001"/>
  <testcase classname="TestCases.TC_ID1728" name="Scenario1728" time="0.001"/>
  <testcase classname="TestCases.TC_ID1728" name="Scenario1728" time="0.001"/>
  <testcase classname="TestCases.TC_ID1728" name="Scenario1728" time="0.001"/>
  <testcase classname="TestCases.TC_ID1728" name="Scenario1728" time="0.001"/>
  <testcase classname="TestCases.TC_ID1728" name="Scenario1728" time="0.0"/>
  <testcase classname="TestCases.TC_ID1728" name="Scenario1728" time="0.001"/>
  <testcase classname="TestCases.TC_ID1728" name="Scenario1728" time="0.001"/>
  <testcase classname="TestCases.TC_ID1728" name="Scenario1728" time="0.001"/>
  <testcase classname="TestCases.TC_ID1728" name="Scenario1728" time="0.001"/>
  <testcase classname="TestCases.TC_ID1728" name="Scenario1728" time="0.0"/>
  <testcase classname="TestCases.TC_ID1728" name="Scenario1728" time="0.001"/>
  <testcase classname="TestCases.TC_ID1728" name="Scenario1728" time="0.001"/>
  <testcase classname="TestCases.TC_ID1728" name="Scenario1728" time="0.001"/>
  <testcase classname="TestCases.TC_ID1728" name="Scenario1728" time="0.0"/>
  <testcase classname="TestCases.TC_ID1728" name="Scenario1728" time="0.001"/>
  <testcase classname="TestCases.TC_ID1728" name="Scenario1728" time="0.001"/>
  <testcase classname="TestCases.TC_ID1728" name="Scenario1728" time="0.001"/>
  <testcase classname="TestCases.TC_ID1728" name="Scenario1728" time="0.001"/>
  <testcase classname="TestCases.TC_ID1728" name="Scenario1728" time="0.001"/>
  <testcase classname="TestCases.TC_ID1728" name="Scenario1728" time="0.001"/>
  <testcase classname="TestCases.TC_ID1728" name="Scenario1728" time="0.003"/>
  <testcase classname="TestCases.TC_ID1728" name="Scenario1728" time="0.007"/>
  <testcase classname="TestCases.TC_ID1728" name="Scenario1728" time="0.001"/>
  <testcase classname="TestCases.TC_ID1728" name="Scenario1728" time="0.001"/>
  <testcase classname="TestCases.TC_ID1728" name="Scenario1728" time="0.002"/>
  <testcase classname="TestCases.TC_ID1728" name="Scenario1728" time="0.003"/>
  <testcase classname="TestCases.TC_ID1728" name="Scenario1728" time="0.008"/>
  <testcase classname="TestCases.TC_ID1728" name="Scenario1728" time="0.001"/>
  <testcase classname="TestCases.TC_ID1728" name="Scenario1728" time="0.002"/>
  <testcase classname="TestCases.TC_ID1728" name="Scenario1728" time="0.002"/>
  <testcase classname="TestCases.TC_ID1728" name="Scenario1728" time="0.002"/>
  <testcase classname="TestCases.TC_ID1728" name="Scenario1728" time="0.002"/>
</testsuite> <!-- As a customer I want to select products via the website that have been built in the back office -->
