<?xml version="1.0" encoding="UTF-8"?>
<!-- Generated by org.testng.reporters.JUnitXMLReporter -->
<testsuite ignored="0" hostname="DESKTOP-5F714E5" failures="0" tests="77" name="Check what happens if we click cancel in Payment page" time="152.274" errors="0" timestamp="2022-01-18T10:34:37 IST">
  <testcase classname="TestCases.TC_ID6127" name="Scenario6127" time="0.011"/>
  <testcase classname="TestCases.TC_ID6127" name="Scenario6127" time="0.0"/>
  <testcase classname="TestCases.TC_ID6127" name="Scenario6127" time="0.0"/>
  <testcase classname="TestCases.TC_ID6127" name="Scenario6127" time="0.0"/>
  <testcase classname="TestCases.TC_ID6127" name="Scenario6127" time="0.001"/>
  <testcase classname="TestCases.TC_ID6127" name="Scenario6127" time="0.0"/>
  <testcase classname="TestCases.TC_ID6127" name="Scenario6127" time="0.0"/>
  <testcase classname="TestCases.TC_ID6127" name="Scenario6127" time="0.0"/>
  <testcase classname="TestCases.TC_ID6127" name="Scenario6127" time="0.001"/>
  <testcase classname="TestCases.TC_ID6127" name="Scenario6127" time="0.001"/>
  <testcase classname="TestCases.TC_ID6127" name="Scenario6127" time="0.001"/>
  <testcase classname="TestCases.TC_ID6127" name="Scenario6127" time="0.0"/>
  <testcase classname="TestCases.TC_ID6127" name="Scenario6127" time="0.0"/>
  <testcase classname="TestCases.TC_ID6127" name="Scenario6127" time="0.001"/>
  <testcase classname="TestCases.TC_ID6127" name="Scenario6127" time="0.001"/>
  <testcase classname="TestCases.TC_ID6127" name="Scenario6127" time="0.001"/>
  <testcase classname="TestCases.TC_ID6127" name="Scenario6127" time="0.0"/>
  <testcase classname="TestCases.TC_ID6127" name="Scenario6127" time="0.001"/>
  <testcase classname="TestCases.TC_ID6127" name="Scenario6127" time="0.0"/>
  <testcase classname="TestCases.TC_ID6127" name="Scenario6127" time="0.001"/>
  <testcase classname="TestCases.TC_ID6127" name="Scenario6127" time="0.001"/>
  <testcase classname="TestCases.TC_ID6127" name="Scenario6127" time="0.0"/>
  <testcase classname="TestCases.TC_ID6127" name="Scenario6127" time="0.0"/>
  <testcase classname="TestCases.TC_ID6127" name="Scenario6127" time="0.001"/>
  <testcase classname="TestCases.TC_ID6127" name="Scenario6127" time="0.001"/>
  <testcase classname="TestCases.TC_ID6127" name="Scenario6127" time="0.0"/>
  <testcase classname="TestCases.TC_ID6127" name="Scenario6127" time="0.0"/>
  <testcase classname="TestCases.TC_ID6127" name="Scenario6127" time="0.0"/>
  <testcase classname="TestCases.TC_ID6127" name="Scenario6127" time="0.001"/>
  <testcase classname="TestCases.TC_ID6127" name="Scenario6127" time="0.001"/>
  <testcase classname="TestCases.TC_ID6127" name="Scenario6127" time="0.001"/>
  <testcase classname="TestCases.TC_ID6127" name="Scenario6127" time="0.0"/>
  <testcase classname="TestCases.TC_ID6127" name="Scenario6127" time="0.0"/>
  <testcase classname="TestCases.TC_ID6127" name="Scenario6127" time="0.0"/>
  <testcase classname="TestCases.TC_ID6127" name="Scenario6127" time="0.001"/>
  <testcase classname="TestCases.TC_ID6127" name="Scenario6127" time="0.001"/>
  <testcase classname="TestCases.TC_ID6127" name="Scenario6127" time="0.001"/>
  <testcase classname="TestCases.TC_ID6127" name="Scenario6127" time="0.0"/>
  <testcase classname="TestCases.TC_ID6127" name="Scenario6127" time="0.0"/>
  <testcase classname="TestCases.TC_ID6127" name="Scenario6127" time="0.001"/>
  <testcase classname="TestCases.TC_ID6127" name="Scenario6127" time="0.0"/>
  <testcase classname="TestCases.TC_ID6127" name="Scenario6127" time="0.0"/>
  <testcase classname="TestCases.TC_ID6127" name="Scenario6127" time="0.001"/>
  <testcase classname="TestCases.TC_ID6127" name="Scenario6127" time="0.0"/>
  <testcase classname="TestCases.TC_ID6127" name="Scenario6127" time="0.001"/>
  <testcase classname="TestCases.TC_ID6127" name="Scenario6127" time="0.0"/>
  <testcase classname="TestCases.TC_ID6127" name="Scenario6127" time="0.001"/>
  <testcase classname="TestCases.TC_ID6127" name="Scenario6127" time="0.001"/>
  <testcase classname="TestCases.TC_ID6127" name="Scenario6127" time="0.0"/>
  <testcase classname="TestCases.TC_ID6127" name="Scenario6127" time="0.0"/>
  <testcase classname="TestCases.TC_ID6127" name="Scenario6127" time="0.001"/>
  <testcase classname="TestCases.TC_ID6127" name="Scenario6127" time="0.001"/>
  <testcase classname="TestCases.TC_ID6127" name="Scenario6127" time="0.0"/>
  <testcase classname="TestCases.TC_ID6127" name="Scenario6127" time="0.001"/>
  <testcase classname="TestCases.TC_ID6127" name="Scenario6127" time="0.001"/>
  <testcase classname="TestCases.TC_ID6127" name="Scenario6127" time="0.001"/>
  <testcase classname="TestCases.TC_ID6127" name="Scenario6127" time="0.001"/>
  <testcase classname="TestCases.TC_ID6127" name="Scenario6127" time="0.0"/>
  <testcase classname="TestCases.TC_ID6127" name="Scenario6127" time="0.0"/>
  <testcase classname="TestCases.TC_ID6127" name="Scenario6127" time="0.0"/>
  <testcase classname="TestCases.TC_ID6127" name="Scenario6127" time="0.001"/>
  <testcase classname="TestCases.TC_ID6127" name="Scenario6127" time="0.001"/>
  <testcase classname="TestCases.TC_ID6127" name="Scenario6127" time="0.0"/>
  <testcase classname="TestCases.TC_ID6127" name="Scenario6127" time="0.0"/>
  <testcase classname="TestCases.TC_ID6127" name="Scenario6127" time="0.001"/>
  <testcase classname="TestCases.TC_ID6127" name="Scenario6127" time="0.0"/>
  <testcase classname="TestCases.TC_ID6127" name="Scenario6127" time="0.0"/>
  <testcase classname="TestCases.TC_ID6127" name="Scenario6127" time="0.001"/>
  <testcase classname="TestCases.TC_ID6127" name="Scenario6127" time="52.375"/>
  <testcase classname="TestCases.TC_ID6127" name="Scenario6127" time="0.0"/>
  <testcase classname="TestCases.TC_ID6127" name="Scenario6127" time="0.0"/>
  <testcase classname="TestCases.TC_ID6127" name="Scenario6127" time="0.0"/>
  <testcase classname="TestCases.TC_ID6127" name="Scenario6127" time="0.0"/>
  <testcase classname="TestCases.TC_ID6127" name="Scenario6127" time="0.0"/>
  <testcase classname="TestCases.TC_ID6127" name="Scenario6127" time="0.001"/>
  <testcase classname="TestCases.TC_ID6127" name="Scenario6127" time="0.001"/>
  <testcase classname="TestCases.TC_ID6127" name="Scenario6127" time="0.0"/>
</testsuite> <!-- Check what happens if we click cancel in Payment page -->
