<?xml version="1.0" encoding="UTF-8"?>
<!-- Generated by org.testng.reporters.JUnitXMLReporter -->
<testsuite ignored="0" hostname="DESKTOP-5F714E5" failures="0" tests="77" name="Check what happens if we click No to GDPR 1st question in Pre existing medical condition page" time="119.27" errors="0" timestamp="2022-01-18T10:09:03 IST">
  <testcase classname="TestCases.TC_ID6121" name="Scenario6121" time="0.007"/>
  <testcase classname="TestCases.TC_ID6121" name="Scenario6121" time="0.0"/>
  <testcase classname="TestCases.TC_ID6121" name="Scenario6121" time="0.001"/>
  <testcase classname="TestCases.TC_ID6121" name="Scenario6121" time="0.0"/>
  <testcase classname="TestCases.TC_ID6121" name="Scenario6121" time="0.0"/>
  <testcase classname="TestCases.TC_ID6121" name="Scenario6121" time="0.001"/>
  <testcase classname="TestCases.TC_ID6121" name="Scenario6121" time="0.001"/>
  <testcase classname="TestCases.TC_ID6121" name="Scenario6121" time="0.0"/>
  <testcase classname="TestCases.TC_ID6121" name="Scenario6121" time="0.0"/>
  <testcase classname="TestCases.TC_ID6121" name="Scenario6121" time="0.0"/>
  <testcase classname="TestCases.TC_ID6121" name="Scenario6121" time="0.001"/>
  <testcase classname="TestCases.TC_ID6121" name="Scenario6121" time="0.0"/>
  <testcase classname="TestCases.TC_ID6121" name="Scenario6121" time="0.0"/>
  <testcase classname="TestCases.TC_ID6121" name="Scenario6121" time="0.001"/>
  <testcase classname="TestCases.TC_ID6121" name="Scenario6121" time="0.0"/>
  <testcase classname="TestCases.TC_ID6121" name="Scenario6121" time="0.001"/>
  <testcase classname="TestCases.TC_ID6121" name="Scenario6121" time="0.0"/>
  <testcase classname="TestCases.TC_ID6121" name="Scenario6121" time="0.0"/>
  <testcase classname="TestCases.TC_ID6121" name="Scenario6121" time="0.0"/>
  <testcase classname="TestCases.TC_ID6121" name="Scenario6121" time="0.0"/>
  <testcase classname="TestCases.TC_ID6121" name="Scenario6121" time="0.0"/>
  <testcase classname="TestCases.TC_ID6121" name="Scenario6121" time="0.001"/>
  <testcase classname="TestCases.TC_ID6121" name="Scenario6121" time="0.001"/>
  <testcase classname="TestCases.TC_ID6121" name="Scenario6121" time="0.0"/>
  <testcase classname="TestCases.TC_ID6121" name="Scenario6121" time="0.0"/>
  <testcase classname="TestCases.TC_ID6121" name="Scenario6121" time="0.001"/>
  <testcase classname="TestCases.TC_ID6121" name="Scenario6121" time="0.0"/>
  <testcase classname="TestCases.TC_ID6121" name="Scenario6121" time="0.001"/>
  <testcase classname="TestCases.TC_ID6121" name="Scenario6121" time="0.001"/>
  <testcase classname="TestCases.TC_ID6121" name="Scenario6121" time="0.0"/>
  <testcase classname="TestCases.TC_ID6121" name="Scenario6121" time="0.0"/>
  <testcase classname="TestCases.TC_ID6121" name="Scenario6121" time="0.0"/>
  <testcase classname="TestCases.TC_ID6121" name="Scenario6121" time="0.0"/>
  <testcase classname="TestCases.TC_ID6121" name="Scenario6121" time="0.0"/>
  <testcase classname="TestCases.TC_ID6121" name="Scenario6121" time="0.001"/>
  <testcase classname="TestCases.TC_ID6121" name="Scenario6121" time="0.0"/>
  <testcase classname="TestCases.TC_ID6121" name="Scenario6121" time="0.0"/>
  <testcase classname="TestCases.TC_ID6121" name="Scenario6121" time="0.0"/>
  <testcase classname="TestCases.TC_ID6121" name="Scenario6121" time="0.001"/>
  <testcase classname="TestCases.TC_ID6121" name="Scenario6121" time="0.0"/>
  <testcase classname="TestCases.TC_ID6121" name="Scenario6121" time="0.001"/>
  <testcase classname="TestCases.TC_ID6121" name="Scenario6121" time="0.001"/>
  <testcase classname="TestCases.TC_ID6121" name="Scenario6121" time="0.0"/>
  <testcase classname="TestCases.TC_ID6121" name="Scenario6121" time="0.0"/>
  <testcase classname="TestCases.TC_ID6121" name="Scenario6121" time="0.001"/>
  <testcase classname="TestCases.TC_ID6121" name="Scenario6121" time="0.001"/>
  <testcase classname="TestCases.TC_ID6121" name="Scenario6121" time="0.001"/>
  <testcase classname="TestCases.TC_ID6121" name="Scenario6121" time="0.0"/>
  <testcase classname="TestCases.TC_ID6121" name="Scenario6121" time="0.0"/>
  <testcase classname="TestCases.TC_ID6121" name="Scenario6121" time="0.0"/>
  <testcase classname="TestCases.TC_ID6121" name="Scenario6121" time="0.001"/>
  <testcase classname="TestCases.TC_ID6121" name="Scenario6121" time="0.001"/>
  <testcase classname="TestCases.TC_ID6121" name="Scenario6121" time="0.001"/>
  <testcase classname="TestCases.TC_ID6121" name="Scenario6121" time="0.001"/>
  <testcase classname="TestCases.TC_ID6121" name="Scenario6121" time="0.001"/>
  <testcase classname="TestCases.TC_ID6121" name="Scenario6121" time="0.0"/>
  <testcase classname="TestCases.TC_ID6121" name="Scenario6121" time="0.0"/>
  <testcase classname="TestCases.TC_ID6121" name="Scenario6121" time="0.001"/>
  <testcase classname="TestCases.TC_ID6121" name="Scenario6121" time="0.001"/>
  <testcase classname="TestCases.TC_ID6121" name="Scenario6121" time="0.001"/>
  <testcase classname="TestCases.TC_ID6121" name="Scenario6121" time="0.001"/>
  <testcase classname="TestCases.TC_ID6121" name="Scenario6121" time="0.001"/>
  <testcase classname="TestCases.TC_ID6121" name="Scenario6121" time="12.559"/>
  <testcase classname="TestCases.TC_ID6121" name="Scenario6121" time="0.0"/>
  <testcase classname="TestCases.TC_ID6121" name="Scenario6121" time="0.0"/>
  <testcase classname="TestCases.TC_ID6121" name="Scenario6121" time="0.001"/>
  <testcase classname="TestCases.TC_ID6121" name="Scenario6121" time="0.001"/>
  <testcase classname="TestCases.TC_ID6121" name="Scenario6121" time="0.001"/>
  <testcase classname="TestCases.TC_ID6121" name="Scenario6121" time="0.001"/>
  <testcase classname="TestCases.TC_ID6121" name="Scenario6121" time="0.002"/>
  <testcase classname="TestCases.TC_ID6121" name="Scenario6121" time="0.001"/>
  <testcase classname="TestCases.TC_ID6121" name="Scenario6121" time="0.0"/>
  <testcase classname="TestCases.TC_ID6121" name="Scenario6121" time="0.002"/>
  <testcase classname="TestCases.TC_ID6121" name="Scenario6121" time="0.0"/>
  <testcase classname="TestCases.TC_ID6121" name="Scenario6121" time="0.0"/>
  <testcase classname="TestCases.TC_ID6121" name="Scenario6121" time="0.0"/>
  <testcase classname="TestCases.TC_ID6121" name="Scenario6121" time="0.0"/>
</testsuite> <!-- Check what happens if we click No to GDPR 1st question in Pre existing medical condition page -->
