<?xml version="1.0" encoding="UTF-8"?>
<!-- Generated by org.testng.reporters.JUnitXMLReporter -->
<testsuite ignored="0" hostname="DESKTOP-5F714E5" failures="0" tests="77" name="Check what happens if we enter invalid CVV card details in payment page" time="189.873" errors="0" timestamp="2022-01-18T15:36:23 IST">
  <testcase classname="TestCases.TC_ID6126" name="Scenario6126" time="0.018"/>
  <testcase classname="TestCases.TC_ID6126" name="Scenario6126" time="0.007"/>
  <testcase classname="TestCases.TC_ID6126" name="Scenario6126" time="0.006"/>
  <testcase classname="TestCases.TC_ID6126" name="Scenario6126" time="0.014"/>
  <testcase classname="TestCases.TC_ID6126" name="Scenario6126" time="0.017"/>
  <testcase classname="TestCases.TC_ID6126" name="Scenario6126" time="0.007"/>
  <testcase classname="TestCases.TC_ID6126" name="Scenario6126" time="0.006"/>
  <testcase classname="TestCases.TC_ID6126" name="Scenario6126" time="0.004"/>
  <testcase classname="TestCases.TC_ID6126" name="Scenario6126" time="0.008"/>
  <testcase classname="TestCases.TC_ID6126" name="Scenario6126" time="0.009"/>
  <testcase classname="TestCases.TC_ID6126" name="Scenario6126" time="0.005"/>
  <testcase classname="TestCases.TC_ID6126" name="Scenario6126" time="0.004"/>
  <testcase classname="TestCases.TC_ID6126" name="Scenario6126" time="0.003"/>
  <testcase classname="TestCases.TC_ID6126" name="Scenario6126" time="0.009"/>
  <testcase classname="TestCases.TC_ID6126" name="Scenario6126" time="0.006"/>
  <testcase classname="TestCases.TC_ID6126" name="Scenario6126" time="0.011"/>
  <testcase classname="TestCases.TC_ID6126" name="Scenario6126" time="0.004"/>
  <testcase classname="TestCases.TC_ID6126" name="Scenario6126" time="0.004"/>
  <testcase classname="TestCases.TC_ID6126" name="Scenario6126" time="0.004"/>
  <testcase classname="TestCases.TC_ID6126" name="Scenario6126" time="0.006"/>
  <testcase classname="TestCases.TC_ID6126" name="Scenario6126" time="0.008"/>
  <testcase classname="TestCases.TC_ID6126" name="Scenario6126" time="0.002"/>
  <testcase classname="TestCases.TC_ID6126" name="Scenario6126" time="0.005"/>
  <testcase classname="TestCases.TC_ID6126" name="Scenario6126" time="0.003"/>
  <testcase classname="TestCases.TC_ID6126" name="Scenario6126" time="0.003"/>
  <testcase classname="TestCases.TC_ID6126" name="Scenario6126" time="0.002"/>
  <testcase classname="TestCases.TC_ID6126" name="Scenario6126" time="0.006"/>
  <testcase classname="TestCases.TC_ID6126" name="Scenario6126" time="0.003"/>
  <testcase classname="TestCases.TC_ID6126" name="Scenario6126" time="0.005"/>
  <testcase classname="TestCases.TC_ID6126" name="Scenario6126" time="0.004"/>
  <testcase classname="TestCases.TC_ID6126" name="Scenario6126" time="0.005"/>
  <testcase classname="TestCases.TC_ID6126" name="Scenario6126" time="0.009"/>
  <testcase classname="TestCases.TC_ID6126" name="Scenario6126" time="0.004"/>
  <testcase classname="TestCases.TC_ID6126" name="Scenario6126" time="0.004"/>
  <testcase classname="TestCases.TC_ID6126" name="Scenario6126" time="0.005"/>
  <testcase classname="TestCases.TC_ID6126" name="Scenario6126" time="0.006"/>
  <testcase classname="TestCases.TC_ID6126" name="Scenario6126" time="0.003"/>
  <testcase classname="TestCases.TC_ID6126" name="Scenario6126" time="0.004"/>
  <testcase classname="TestCases.TC_ID6126" name="Scenario6126" time="0.006"/>
  <testcase classname="TestCases.TC_ID6126" name="Scenario6126" time="0.003"/>
  <testcase classname="TestCases.TC_ID6126" name="Scenario6126" time="0.007"/>
  <testcase classname="TestCases.TC_ID6126" name="Scenario6126" time="0.003"/>
  <testcase classname="TestCases.TC_ID6126" name="Scenario6126" time="0.003"/>
  <testcase classname="TestCases.TC_ID6126" name="Scenario6126" time="0.003"/>
  <testcase classname="TestCases.TC_ID6126" name="Scenario6126" time="0.003"/>
  <testcase classname="TestCases.TC_ID6126" name="Scenario6126" time="0.003"/>
  <testcase classname="TestCases.TC_ID6126" name="Scenario6126" time="0.001"/>
  <testcase classname="TestCases.TC_ID6126" name="Scenario6126" time="0.003"/>
  <testcase classname="TestCases.TC_ID6126" name="Scenario6126" time="0.002"/>
  <testcase classname="TestCases.TC_ID6126" name="Scenario6126" time="0.003"/>
  <testcase classname="TestCases.TC_ID6126" name="Scenario6126" time="0.003"/>
  <testcase classname="TestCases.TC_ID6126" name="Scenario6126" time="0.002"/>
  <testcase classname="TestCases.TC_ID6126" name="Scenario6126" time="0.002"/>
  <testcase classname="TestCases.TC_ID6126" name="Scenario6126" time="0.002"/>
  <testcase classname="TestCases.TC_ID6126" name="Scenario6126" time="0.004"/>
  <testcase classname="TestCases.TC_ID6126" name="Scenario6126" time="0.002"/>
  <testcase classname="TestCases.TC_ID6126" name="Scenario6126" time="0.003"/>
  <testcase classname="TestCases.TC_ID6126" name="Scenario6126" time="0.002"/>
  <testcase classname="TestCases.TC_ID6126" name="Scenario6126" time="0.001"/>
  <testcase classname="TestCases.TC_ID6126" name="Scenario6126" time="0.007"/>
  <testcase classname="TestCases.TC_ID6126" name="Scenario6126" time="0.003"/>
  <testcase classname="TestCases.TC_ID6126" name="Scenario6126" time="0.001"/>
  <testcase classname="TestCases.TC_ID6126" name="Scenario6126" time="0.002"/>
  <testcase classname="TestCases.TC_ID6126" name="Scenario6126" time="0.002"/>
  <testcase classname="TestCases.TC_ID6126" name="Scenario6126" time="0.002"/>
  <testcase classname="TestCases.TC_ID6126" name="Scenario6126" time="0.001"/>
  <testcase classname="TestCases.TC_ID6126" name="Scenario6126" time="0.002"/>
  <testcase classname="TestCases.TC_ID6126" name="Scenario6126" time="53.344"/>
  <testcase classname="TestCases.TC_ID6126" name="Scenario6126" time="0.002"/>
  <testcase classname="TestCases.TC_ID6126" name="Scenario6126" time="0.001"/>
  <testcase classname="TestCases.TC_ID6126" name="Scenario6126" time="0.002"/>
  <testcase classname="TestCases.TC_ID6126" name="Scenario6126" time="0.002"/>
  <testcase classname="TestCases.TC_ID6126" name="Scenario6126" time="0.003"/>
  <testcase classname="TestCases.TC_ID6126" name="Scenario6126" time="0.003"/>
  <testcase classname="TestCases.TC_ID6126" name="Scenario6126" time="0.002"/>
  <testcase classname="TestCases.TC_ID6126" name="Scenario6126" time="0.001"/>
  <testcase classname="TestCases.TC_ID6126" name="Scenario6126" time="0.002"/>
</testsuite> <!-- Check what happens if we enter invalid CVV card details in payment page -->
