<?xml version="1.0" encoding="UTF-8"?>
<!-- Generated by org.testng.reporters.JUnitXMLReporter -->
<testsuite ignored="0" hostname="DESKTOP-5F714E5" failures="0" tests="77" name=" Validation: SPF - There cannot be more than 1 adult in a single parent family" time="109.467" errors="0" timestamp="2022-01-18T09:50:46 IST">
  <testcase classname="TestCases.TC_ID6117" name="Scenario6117" time="0.007"/>
  <testcase classname="TestCases.TC_ID6117" name="Scenario6117" time="0.0"/>
  <testcase classname="TestCases.TC_ID6117" name="Scenario6117" time="0.0"/>
  <testcase classname="TestCases.TC_ID6117" name="Scenario6117" time="0.001"/>
  <testcase classname="TestCases.TC_ID6117" name="Scenario6117" time="0.0"/>
  <testcase classname="TestCases.TC_ID6117" name="Scenario6117" time="0.0"/>
  <testcase classname="TestCases.TC_ID6117" name="Scenario6117" time="0.0"/>
  <testcase classname="TestCases.TC_ID6117" name="Scenario6117" time="0.0"/>
  <testcase classname="TestCases.TC_ID6117" name="Scenario6117" time="0.001"/>
  <testcase classname="TestCases.TC_ID6117" name="Scenario6117" time="0.0"/>
  <testcase classname="TestCases.TC_ID6117" name="Scenario6117" time="0.0"/>
  <testcase classname="TestCases.TC_ID6117" name="Scenario6117" time="0.0"/>
  <testcase classname="TestCases.TC_ID6117" name="Scenario6117" time="0.001"/>
  <testcase classname="TestCases.TC_ID6117" name="Scenario6117" time="0.001"/>
  <testcase classname="TestCases.TC_ID6117" name="Scenario6117" time="0.0"/>
  <testcase classname="TestCases.TC_ID6117" name="Scenario6117" time="0.001"/>
  <testcase classname="TestCases.TC_ID6117" name="Scenario6117" time="0.001"/>
  <testcase classname="TestCases.TC_ID6117" name="Scenario6117" time="0.0"/>
  <testcase classname="TestCases.TC_ID6117" name="Scenario6117" time="0.0"/>
  <testcase classname="TestCases.TC_ID6117" name="Scenario6117" time="0.001"/>
  <testcase classname="TestCases.TC_ID6117" name="Scenario6117" time="0.0"/>
  <testcase classname="TestCases.TC_ID6117" name="Scenario6117" time="0.001"/>
  <testcase classname="TestCases.TC_ID6117" name="Scenario6117" time="0.001"/>
  <testcase classname="TestCases.TC_ID6117" name="Scenario6117" time="0.002"/>
  <testcase classname="TestCases.TC_ID6117" name="Scenario6117" time="0.0"/>
  <testcase classname="TestCases.TC_ID6117" name="Scenario6117" time="0.0"/>
  <testcase classname="TestCases.TC_ID6117" name="Scenario6117" time="0.001"/>
  <testcase classname="TestCases.TC_ID6117" name="Scenario6117" time="0.0"/>
  <testcase classname="TestCases.TC_ID6117" name="Scenario6117" time="0.0"/>
  <testcase classname="TestCases.TC_ID6117" name="Scenario6117" time="0.0"/>
  <testcase classname="TestCases.TC_ID6117" name="Scenario6117" time="0.001"/>
  <testcase classname="TestCases.TC_ID6117" name="Scenario6117" time="0.0"/>
  <testcase classname="TestCases.TC_ID6117" name="Scenario6117" time="0.0"/>
  <testcase classname="TestCases.TC_ID6117" name="Scenario6117" time="0.001"/>
  <testcase classname="TestCases.TC_ID6117" name="Scenario6117" time="0.001"/>
  <testcase classname="TestCases.TC_ID6117" name="Scenario6117" time="0.0"/>
  <testcase classname="TestCases.TC_ID6117" name="Scenario6117" time="0.0"/>
  <testcase classname="TestCases.TC_ID6117" name="Scenario6117" time="0.0"/>
  <testcase classname="TestCases.TC_ID6117" name="Scenario6117" time="0.0"/>
  <testcase classname="TestCases.TC_ID6117" name="Scenario6117" time="0.001"/>
  <testcase classname="TestCases.TC_ID6117" name="Scenario6117" time="0.0"/>
  <testcase classname="TestCases.TC_ID6117" name="Scenario6117" time="0.0"/>
  <testcase classname="TestCases.TC_ID6117" name="Scenario6117" time="0.001"/>
  <testcase classname="TestCases.TC_ID6117" name="Scenario6117" time="0.001"/>
  <testcase classname="TestCases.TC_ID6117" name="Scenario6117" time="0.0"/>
  <testcase classname="TestCases.TC_ID6117" name="Scenario6117" time="0.0"/>
  <testcase classname="TestCases.TC_ID6117" name="Scenario6117" time="0.0"/>
  <testcase classname="TestCases.TC_ID6117" name="Scenario6117" time="0.0"/>
  <testcase classname="TestCases.TC_ID6117" name="Scenario6117" time="0.001"/>
  <testcase classname="TestCases.TC_ID6117" name="Scenario6117" time="0.001"/>
  <testcase classname="TestCases.TC_ID6117" name="Scenario6117" time="0.0"/>
  <testcase classname="TestCases.TC_ID6117" name="Scenario6117" time="0.0"/>
  <testcase classname="TestCases.TC_ID6117" name="Scenario6117" time="0.0"/>
  <testcase classname="TestCases.TC_ID6117" name="Scenario6117" time="0.001"/>
  <testcase classname="TestCases.TC_ID6117" name="Scenario6117" time="0.0"/>
  <testcase classname="TestCases.TC_ID6117" name="Scenario6117" time="0.0"/>
  <testcase classname="TestCases.TC_ID6117" name="Scenario6117" time="0.001"/>
  <testcase classname="TestCases.TC_ID6117" name="Scenario6117" time="0.001"/>
  <testcase classname="TestCases.TC_ID6117" name="Scenario6117" time="0.0"/>
  <testcase classname="TestCases.TC_ID6117" name="Scenario6117" time="12.91"/>
  <testcase classname="TestCases.TC_ID6117" name="Scenario6117" time="0.001"/>
  <testcase classname="TestCases.TC_ID6117" name="Scenario6117" time="0.001"/>
  <testcase classname="TestCases.TC_ID6117" name="Scenario6117" time="0.001"/>
  <testcase classname="TestCases.TC_ID6117" name="Scenario6117" time="0.001"/>
  <testcase classname="TestCases.TC_ID6117" name="Scenario6117" time="0.001"/>
  <testcase classname="TestCases.TC_ID6117" name="Scenario6117" time="0.0"/>
  <testcase classname="TestCases.TC_ID6117" name="Scenario6117" time="0.0"/>
  <testcase classname="TestCases.TC_ID6117" name="Scenario6117" time="0.001"/>
  <testcase classname="TestCases.TC_ID6117" name="Scenario6117" time="0.0"/>
  <testcase classname="TestCases.TC_ID6117" name="Scenario6117" time="0.001"/>
  <testcase classname="TestCases.TC_ID6117" name="Scenario6117" time="0.0"/>
  <testcase classname="TestCases.TC_ID6117" name="Scenario6117" time="0.0"/>
  <testcase classname="TestCases.TC_ID6117" name="Scenario6117" time="0.0"/>
  <testcase classname="TestCases.TC_ID6117" name="Scenario6117" time="0.002"/>
  <testcase classname="TestCases.TC_ID6117" name="Scenario6117" time="0.001"/>
  <testcase classname="TestCases.TC_ID6117" name="Scenario6117" time="0.001"/>
  <testcase classname="TestCases.TC_ID6117" name="Scenario6117" time="0.001"/>
</testsuite> <!--  Validation: SPF - There cannot be more than 1 adult in a single parent family -->
