<?xml version="1.0" encoding="UTF-8"?>
<!-- Generated by org.testng.reporters.JUnitXMLReporter -->
<testsuite ignored="0" hostname="DESKTOP-5F714E5" failures="0" tests="77" name=" Validation: AMT - Traveler DOB for Individual - The maximum age for this trip is 79" time="118.924" errors="0" timestamp="2022-01-18T09:40:14 IST">
  <testcase classname="TestCases.TC_ID6115" name="Scenario6115" time="0.008"/>
  <testcase classname="TestCases.TC_ID6115" name="Scenario6115" time="0.001"/>
  <testcase classname="TestCases.TC_ID6115" name="Scenario6115" time="0.001"/>
  <testcase classname="TestCases.TC_ID6115" name="Scenario6115" time="0.0"/>
  <testcase classname="TestCases.TC_ID6115" name="Scenario6115" time="0.0"/>
  <testcase classname="TestCases.TC_ID6115" name="Scenario6115" time="0.001"/>
  <testcase classname="TestCases.TC_ID6115" name="Scenario6115" time="0.0"/>
  <testcase classname="TestCases.TC_ID6115" name="Scenario6115" time="0.0"/>
  <testcase classname="TestCases.TC_ID6115" name="Scenario6115" time="0.001"/>
  <testcase classname="TestCases.TC_ID6115" name="Scenario6115" time="0.002"/>
  <testcase classname="TestCases.TC_ID6115" name="Scenario6115" time="0.001"/>
  <testcase classname="TestCases.TC_ID6115" name="Scenario6115" time="0.001"/>
  <testcase classname="TestCases.TC_ID6115" name="Scenario6115" time="0.001"/>
  <testcase classname="TestCases.TC_ID6115" name="Scenario6115" time="0.0"/>
  <testcase classname="TestCases.TC_ID6115" name="Scenario6115" time="0.0"/>
  <testcase classname="TestCases.TC_ID6115" name="Scenario6115" time="0.001"/>
  <testcase classname="TestCases.TC_ID6115" name="Scenario6115" time="0.001"/>
  <testcase classname="TestCases.TC_ID6115" name="Scenario6115" time="0.001"/>
  <testcase classname="TestCases.TC_ID6115" name="Scenario6115" time="0.001"/>
  <testcase classname="TestCases.TC_ID6115" name="Scenario6115" time="0.0"/>
  <testcase classname="TestCases.TC_ID6115" name="Scenario6115" time="0.0"/>
  <testcase classname="TestCases.TC_ID6115" name="Scenario6115" time="0.0"/>
  <testcase classname="TestCases.TC_ID6115" name="Scenario6115" time="0.0"/>
  <testcase classname="TestCases.TC_ID6115" name="Scenario6115" time="0.0"/>
  <testcase classname="TestCases.TC_ID6115" name="Scenario6115" time="0.001"/>
  <testcase classname="TestCases.TC_ID6115" name="Scenario6115" time="0.001"/>
  <testcase classname="TestCases.TC_ID6115" name="Scenario6115" time="0.001"/>
  <testcase classname="TestCases.TC_ID6115" name="Scenario6115" time="0.001"/>
  <testcase classname="TestCases.TC_ID6115" name="Scenario6115" time="0.001"/>
  <testcase classname="TestCases.TC_ID6115" name="Scenario6115" time="0.0"/>
  <testcase classname="TestCases.TC_ID6115" name="Scenario6115" time="0.0"/>
  <testcase classname="TestCases.TC_ID6115" name="Scenario6115" time="0.0"/>
  <testcase classname="TestCases.TC_ID6115" name="Scenario6115" time="0.001"/>
  <testcase classname="TestCases.TC_ID6115" name="Scenario6115" time="0.001"/>
  <testcase classname="TestCases.TC_ID6115" name="Scenario6115" time="0.0"/>
  <testcase classname="TestCases.TC_ID6115" name="Scenario6115" time="0.0"/>
  <testcase classname="TestCases.TC_ID6115" name="Scenario6115" time="0.001"/>
  <testcase classname="TestCases.TC_ID6115" name="Scenario6115" time="0.0"/>
  <testcase classname="TestCases.TC_ID6115" name="Scenario6115" time="0.0"/>
  <testcase classname="TestCases.TC_ID6115" name="Scenario6115" time="0.0"/>
  <testcase classname="TestCases.TC_ID6115" name="Scenario6115" time="0.0"/>
  <testcase classname="TestCases.TC_ID6115" name="Scenario6115" time="0.0"/>
  <testcase classname="TestCases.TC_ID6115" name="Scenario6115" time="0.0"/>
  <testcase classname="TestCases.TC_ID6115" name="Scenario6115" time="0.0"/>
  <testcase classname="TestCases.TC_ID6115" name="Scenario6115" time="0.0"/>
  <testcase classname="TestCases.TC_ID6115" name="Scenario6115" time="0.0"/>
  <testcase classname="TestCases.TC_ID6115" name="Scenario6115" time="0.0"/>
  <testcase classname="TestCases.TC_ID6115" name="Scenario6115" time="0.001"/>
  <testcase classname="TestCases.TC_ID6115" name="Scenario6115" time="0.001"/>
  <testcase classname="TestCases.TC_ID6115" name="Scenario6115" time="0.0"/>
  <testcase classname="TestCases.TC_ID6115" name="Scenario6115" time="0.001"/>
  <testcase classname="TestCases.TC_ID6115" name="Scenario6115" time="0.0"/>
  <testcase classname="TestCases.TC_ID6115" name="Scenario6115" time="0.001"/>
  <testcase classname="TestCases.TC_ID6115" name="Scenario6115" time="0.001"/>
  <testcase classname="TestCases.TC_ID6115" name="Scenario6115" time="0.0"/>
  <testcase classname="TestCases.TC_ID6115" name="Scenario6115" time="0.0"/>
  <testcase classname="TestCases.TC_ID6115" name="Scenario6115" time="0.001"/>
  <testcase classname="TestCases.TC_ID6115" name="Scenario6115" time="7.459"/>
  <testcase classname="TestCases.TC_ID6115" name="Scenario6115" time="0.0"/>
  <testcase classname="TestCases.TC_ID6115" name="Scenario6115" time="0.0"/>
  <testcase classname="TestCases.TC_ID6115" name="Scenario6115" time="0.0"/>
  <testcase classname="TestCases.TC_ID6115" name="Scenario6115" time="0.001"/>
  <testcase classname="TestCases.TC_ID6115" name="Scenario6115" time="0.001"/>
  <testcase classname="TestCases.TC_ID6115" name="Scenario6115" time="0.001"/>
  <testcase classname="TestCases.TC_ID6115" name="Scenario6115" time="0.001"/>
  <testcase classname="TestCases.TC_ID6115" name="Scenario6115" time="0.001"/>
  <testcase classname="TestCases.TC_ID6115" name="Scenario6115" time="0.001"/>
  <testcase classname="TestCases.TC_ID6115" name="Scenario6115" time="0.001"/>
  <testcase classname="TestCases.TC_ID6115" name="Scenario6115" time="0.001"/>
  <testcase classname="TestCases.TC_ID6115" name="Scenario6115" time="0.0"/>
  <testcase classname="TestCases.TC_ID6115" name="Scenario6115" time="0.001"/>
  <testcase classname="TestCases.TC_ID6115" name="Scenario6115" time="0.0"/>
  <testcase classname="TestCases.TC_ID6115" name="Scenario6115" time="0.0"/>
  <testcase classname="TestCases.TC_ID6115" name="Scenario6115" time="0.0"/>
  <testcase classname="TestCases.TC_ID6115" name="Scenario6115" time="0.0"/>
  <testcase classname="TestCases.TC_ID6115" name="Scenario6115" time="0.001"/>
  <testcase classname="TestCases.TC_ID6115" name="Scenario6115" time="0.002"/>
</testsuite> <!--  Validation: AMT - Traveler DOB for Individual - The maximum age for this trip is 79 -->
