<?xml version="1.0" encoding="UTF-8"?>
<!-- Generated by org.testng.reporters.JUnitXMLReporter -->
<testsuite ignored="0" hostname="DESKTOP-5F714E5" failures="0" tests="77" name=" Validation: Family - There cannot be more than 2 adults in a family" time="116.835" errors="0" timestamp="2022-01-18T09:48:57 IST">
  <testcase classname="TestCases.TC_ID6116" name="Scenario6116" time="0.007"/>
  <testcase classname="TestCases.TC_ID6116" name="Scenario6116" time="0.001"/>
  <testcase classname="TestCases.TC_ID6116" name="Scenario6116" time="0.001"/>
  <testcase classname="TestCases.TC_ID6116" name="Scenario6116" time="0.0"/>
  <testcase classname="TestCases.TC_ID6116" name="Scenario6116" time="0.0"/>
  <testcase classname="TestCases.TC_ID6116" name="Scenario6116" time="0.0"/>
  <testcase classname="TestCases.TC_ID6116" name="Scenario6116" time="0.0"/>
  <testcase classname="TestCases.TC_ID6116" name="Scenario6116" time="0.001"/>
  <testcase classname="TestCases.TC_ID6116" name="Scenario6116" time="0.001"/>
  <testcase classname="TestCases.TC_ID6116" name="Scenario6116" time="0.0"/>
  <testcase classname="TestCases.TC_ID6116" name="Scenario6116" time="0.0"/>
  <testcase classname="TestCases.TC_ID6116" name="Scenario6116" time="0.001"/>
  <testcase classname="TestCases.TC_ID6116" name="Scenario6116" time="0.0"/>
  <testcase classname="TestCases.TC_ID6116" name="Scenario6116" time="0.0"/>
  <testcase classname="TestCases.TC_ID6116" name="Scenario6116" time="0.001"/>
  <testcase classname="TestCases.TC_ID6116" name="Scenario6116" time="0.001"/>
  <testcase classname="TestCases.TC_ID6116" name="Scenario6116" time="0.0"/>
  <testcase classname="TestCases.TC_ID6116" name="Scenario6116" time="0.0"/>
  <testcase classname="TestCases.TC_ID6116" name="Scenario6116" time="0.0"/>
  <testcase classname="TestCases.TC_ID6116" name="Scenario6116" time="0.002"/>
  <testcase classname="TestCases.TC_ID6116" name="Scenario6116" time="0.0"/>
  <testcase classname="TestCases.TC_ID6116" name="Scenario6116" time="0.0"/>
  <testcase classname="TestCases.TC_ID6116" name="Scenario6116" time="0.0"/>
  <testcase classname="TestCases.TC_ID6116" name="Scenario6116" time="0.0"/>
  <testcase classname="TestCases.TC_ID6116" name="Scenario6116" time="0.001"/>
  <testcase classname="TestCases.TC_ID6116" name="Scenario6116" time="0.001"/>
  <testcase classname="TestCases.TC_ID6116" name="Scenario6116" time="0.001"/>
  <testcase classname="TestCases.TC_ID6116" name="Scenario6116" time="0.001"/>
  <testcase classname="TestCases.TC_ID6116" name="Scenario6116" time="0.0"/>
  <testcase classname="TestCases.TC_ID6116" name="Scenario6116" time="0.0"/>
  <testcase classname="TestCases.TC_ID6116" name="Scenario6116" time="0.001"/>
  <testcase classname="TestCases.TC_ID6116" name="Scenario6116" time="0.0"/>
  <testcase classname="TestCases.TC_ID6116" name="Scenario6116" time="0.0"/>
  <testcase classname="TestCases.TC_ID6116" name="Scenario6116" time="0.0"/>
  <testcase classname="TestCases.TC_ID6116" name="Scenario6116" time="0.002"/>
  <testcase classname="TestCases.TC_ID6116" name="Scenario6116" time="0.001"/>
  <testcase classname="TestCases.TC_ID6116" name="Scenario6116" time="0.0"/>
  <testcase classname="TestCases.TC_ID6116" name="Scenario6116" time="0.0"/>
  <testcase classname="TestCases.TC_ID6116" name="Scenario6116" time="0.001"/>
  <testcase classname="TestCases.TC_ID6116" name="Scenario6116" time="0.001"/>
  <testcase classname="TestCases.TC_ID6116" name="Scenario6116" time="0.001"/>
  <testcase classname="TestCases.TC_ID6116" name="Scenario6116" time="0.001"/>
  <testcase classname="TestCases.TC_ID6116" name="Scenario6116" time="0.002"/>
  <testcase classname="TestCases.TC_ID6116" name="Scenario6116" time="0.001"/>
  <testcase classname="TestCases.TC_ID6116" name="Scenario6116" time="0.001"/>
  <testcase classname="TestCases.TC_ID6116" name="Scenario6116" time="0.002"/>
  <testcase classname="TestCases.TC_ID6116" name="Scenario6116" time="0.001"/>
  <testcase classname="TestCases.TC_ID6116" name="Scenario6116" time="0.002"/>
  <testcase classname="TestCases.TC_ID6116" name="Scenario6116" time="0.0"/>
  <testcase classname="TestCases.TC_ID6116" name="Scenario6116" time="0.0"/>
  <testcase classname="TestCases.TC_ID6116" name="Scenario6116" time="0.0"/>
  <testcase classname="TestCases.TC_ID6116" name="Scenario6116" time="0.0"/>
  <testcase classname="TestCases.TC_ID6116" name="Scenario6116" time="0.001"/>
  <testcase classname="TestCases.TC_ID6116" name="Scenario6116" time="0.001"/>
  <testcase classname="TestCases.TC_ID6116" name="Scenario6116" time="0.002"/>
  <testcase classname="TestCases.TC_ID6116" name="Scenario6116" time="0.001"/>
  <testcase classname="TestCases.TC_ID6116" name="Scenario6116" time="0.001"/>
  <testcase classname="TestCases.TC_ID6116" name="Scenario6116" time="0.001"/>
  <testcase classname="TestCases.TC_ID6116" name="Scenario6116" time="16.671"/>
  <testcase classname="TestCases.TC_ID6116" name="Scenario6116" time="0.001"/>
  <testcase classname="TestCases.TC_ID6116" name="Scenario6116" time="0.001"/>
  <testcase classname="TestCases.TC_ID6116" name="Scenario6116" time="0.0"/>
  <testcase classname="TestCases.TC_ID6116" name="Scenario6116" time="0.001"/>
  <testcase classname="TestCases.TC_ID6116" name="Scenario6116" time="0.001"/>
  <testcase classname="TestCases.TC_ID6116" name="Scenario6116" time="0.001"/>
  <testcase classname="TestCases.TC_ID6116" name="Scenario6116" time="0.0"/>
  <testcase classname="TestCases.TC_ID6116" name="Scenario6116" time="0.001"/>
  <testcase classname="TestCases.TC_ID6116" name="Scenario6116" time="0.004"/>
  <testcase classname="TestCases.TC_ID6116" name="Scenario6116" time="0.002"/>
  <testcase classname="TestCases.TC_ID6116" name="Scenario6116" time="0.001"/>
  <testcase classname="TestCases.TC_ID6116" name="Scenario6116" time="0.001"/>
  <testcase classname="TestCases.TC_ID6116" name="Scenario6116" time="0.001"/>
  <testcase classname="TestCases.TC_ID6116" name="Scenario6116" time="0.001"/>
  <testcase classname="TestCases.TC_ID6116" name="Scenario6116" time="0.001"/>
  <testcase classname="TestCases.TC_ID6116" name="Scenario6116" time="0.001"/>
  <testcase classname="TestCases.TC_ID6116" name="Scenario6116" time="0.0"/>
  <testcase classname="TestCases.TC_ID6116" name="Scenario6116" time="0.004"/>
</testsuite> <!--  Validation: Family - There cannot be more than 2 adults in a family -->
