<?xml version="1.0" encoding="UTF-8"?>
<!-- Generated by org.testng.reporters.JUnitXMLReporter -->
<testsuite ignored="0" hostname="DESKTOP-5F714E5" failures="0" tests="77" name="Verify the pric if we refresh page in Cover page - ST" time="213.884" errors="0" timestamp="2022-01-13T17:14:52 IST">
  <testcase classname="TestCases.TC_ID1809" name="Scenario1809" time="0.009"/>
  <testcase classname="TestCases.TC_ID1809" name="Scenario1809" time="0.005"/>
  <testcase classname="TestCases.TC_ID1809" name="Scenario1809" time="0.002"/>
  <testcase classname="TestCases.TC_ID1809" name="Scenario1809" time="0.005"/>
  <testcase classname="TestCases.TC_ID1809" name="Scenario1809" time="0.014"/>
  <testcase classname="TestCases.TC_ID1809" name="Scenario1809" time="0.007"/>
  <testcase classname="TestCases.TC_ID1809" name="Scenario1809" time="0.004"/>
  <testcase classname="TestCases.TC_ID1809" name="Scenario1809" time="0.004"/>
  <testcase classname="TestCases.TC_ID1809" name="Scenario1809" time="0.005"/>
  <testcase classname="TestCases.TC_ID1809" name="Scenario1809" time="0.006"/>
  <testcase classname="TestCases.TC_ID1809" name="Scenario1809" time="0.002"/>
  <testcase classname="TestCases.TC_ID1809" name="Scenario1809" time="0.005"/>
  <testcase classname="TestCases.TC_ID1809" name="Scenario1809" time="0.006"/>
  <testcase classname="TestCases.TC_ID1809" name="Scenario1809" time="0.004"/>
  <testcase classname="TestCases.TC_ID1809" name="Scenario1809" time="0.002"/>
  <testcase classname="TestCases.TC_ID1809" name="Scenario1809" time="0.01"/>
  <testcase classname="TestCases.TC_ID1809" name="Scenario1809" time="0.002"/>
  <testcase classname="TestCases.TC_ID1809" name="Scenario1809" time="83.458"/>
  <testcase classname="TestCases.TC_ID1809" name="Scenario1809" time="0.002"/>
  <testcase classname="TestCases.TC_ID1809" name="Scenario1809" time="0.005"/>
  <testcase classname="TestCases.TC_ID1809" name="Scenario1809" time="0.001"/>
  <testcase classname="TestCases.TC_ID1809" name="Scenario1809" time="0.001"/>
  <testcase classname="TestCases.TC_ID1809" name="Scenario1809" time="0.002"/>
  <testcase classname="TestCases.TC_ID1809" name="Scenario1809" time="0.002"/>
  <testcase classname="TestCases.TC_ID1809" name="Scenario1809" time="0.002"/>
  <testcase classname="TestCases.TC_ID1809" name="Scenario1809" time="0.001"/>
  <testcase classname="TestCases.TC_ID1809" name="Scenario1809" time="0.006"/>
  <testcase classname="TestCases.TC_ID1809" name="Scenario1809" time="0.002"/>
  <testcase classname="TestCases.TC_ID1809" name="Scenario1809" time="0.004"/>
  <testcase classname="TestCases.TC_ID1809" name="Scenario1809" time="0.001"/>
  <testcase classname="TestCases.TC_ID1809" name="Scenario1809" time="0.002"/>
  <testcase classname="TestCases.TC_ID1809" name="Scenario1809" time="0.002"/>
  <testcase classname="TestCases.TC_ID1809" name="Scenario1809" time="0.002"/>
  <testcase classname="TestCases.TC_ID1809" name="Scenario1809" time="0.001"/>
  <testcase classname="TestCases.TC_ID1809" name="Scenario1809" time="0.006"/>
  <testcase classname="TestCases.TC_ID1809" name="Scenario1809" time="0.004"/>
  <testcase classname="TestCases.TC_ID1809" name="Scenario1809" time="0.006"/>
  <testcase classname="TestCases.TC_ID1809" name="Scenario1809" time="0.003"/>
  <testcase classname="TestCases.TC_ID1809" name="Scenario1809" time="0.004"/>
  <testcase classname="TestCases.TC_ID1809" name="Scenario1809" time="0.001"/>
  <testcase classname="TestCases.TC_ID1809" name="Scenario1809" time="0.003"/>
  <testcase classname="TestCases.TC_ID1809" name="Scenario1809" time="0.004"/>
  <testcase classname="TestCases.TC_ID1809" name="Scenario1809" time="0.002"/>
  <testcase classname="TestCases.TC_ID1809" name="Scenario1809" time="0.001"/>
  <testcase classname="TestCases.TC_ID1809" name="Scenario1809" time="0.003"/>
  <testcase classname="TestCases.TC_ID1809" name="Scenario1809" time="0.001"/>
  <testcase classname="TestCases.TC_ID1809" name="Scenario1809" time="0.001"/>
  <testcase classname="TestCases.TC_ID1809" name="Scenario1809" time="0.001"/>
  <testcase classname="TestCases.TC_ID1809" name="Scenario1809" time="0.002"/>
  <testcase classname="TestCases.TC_ID1809" name="Scenario1809" time="0.001"/>
  <testcase classname="TestCases.TC_ID1809" name="Scenario1809" time="0.002"/>
  <testcase classname="TestCases.TC_ID1809" name="Scenario1809" time="0.001"/>
  <testcase classname="TestCases.TC_ID1809" name="Scenario1809" time="0.001"/>
  <testcase classname="TestCases.TC_ID1809" name="Scenario1809" time="0.003"/>
  <testcase classname="TestCases.TC_ID1809" name="Scenario1809" time="0.003"/>
  <testcase classname="TestCases.TC_ID1809" name="Scenario1809" time="0.003"/>
  <testcase classname="TestCases.TC_ID1809" name="Scenario1809" time="0.004"/>
  <testcase classname="TestCases.TC_ID1809" name="Scenario1809" time="0.004"/>
  <testcase classname="TestCases.TC_ID1809" name="Scenario1809" time="0.001"/>
  <testcase classname="TestCases.TC_ID1809" name="Scenario1809" time="0.003"/>
  <testcase classname="TestCases.TC_ID1809" name="Scenario1809" time="0.003"/>
  <testcase classname="TestCases.TC_ID1809" name="Scenario1809" time="0.003"/>
  <testcase classname="TestCases.TC_ID1809" name="Scenario1809" time="0.005"/>
  <testcase classname="TestCases.TC_ID1809" name="Scenario1809" time="0.001"/>
  <testcase classname="TestCases.TC_ID1809" name="Scenario1809" time="0.002"/>
  <testcase classname="TestCases.TC_ID1809" name="Scenario1809" time="0.001"/>
  <testcase classname="TestCases.TC_ID1809" name="Scenario1809" time="0.001"/>
  <testcase classname="TestCases.TC_ID1809" name="Scenario1809" time="0.001"/>
  <testcase classname="TestCases.TC_ID1809" name="Scenario1809" time="0.001"/>
  <testcase classname="TestCases.TC_ID1809" name="Scenario1809" time="0.001"/>
  <testcase classname="TestCases.TC_ID1809" name="Scenario1809" time="0.008"/>
  <testcase classname="TestCases.TC_ID1809" name="Scenario1809" time="0.003"/>
  <testcase classname="TestCases.TC_ID1809" name="Scenario1809" time="0.001"/>
  <testcase classname="TestCases.TC_ID1809" name="Scenario1809" time="0.006"/>
  <testcase classname="TestCases.TC_ID1809" name="Scenario1809" time="0.004"/>
  <testcase classname="TestCases.TC_ID1809" name="Scenario1809" time="0.002"/>
  <testcase classname="TestCases.TC_ID1809" name="Scenario1809" time="0.002"/>
</testsuite> <!-- Verify the pric if we refresh page in Cover page - ST -->
