<?xml version="1.0" encoding="UTF-8"?>
<!-- Generated by org.testng.reporters.JUnitXMLReporter -->
<testsuite ignored="0" hostname="DESKTOP-5F714E5" failures="0" tests="77" name=" Verify user able to create Travel policy with Group, ST: Accept Cookies, Europe, Group(10), Travel Only, Premier, Wedding Cover" time="224.441" errors="0" timestamp="2022-01-18T08:17:06 IST">
  <testcase classname="TestCases.TC_ID3971" name="Scenario3971" time="0.01"/>
  <testcase classname="TestCases.TC_ID3971" name="Scenario3971" time="0.001"/>
  <testcase classname="TestCases.TC_ID3971" name="Scenario3971" time="0.0"/>
  <testcase classname="TestCases.TC_ID3971" name="Scenario3971" time="118.31"/>
  <testcase classname="TestCases.TC_ID3971" name="Scenario3971" time="0.001"/>
  <testcase classname="TestCases.TC_ID3971" name="Scenario3971" time="0.0"/>
  <testcase classname="TestCases.TC_ID3971" name="Scenario3971" time="0.001"/>
  <testcase classname="TestCases.TC_ID3971" name="Scenario3971" time="0.0"/>
  <testcase classname="TestCases.TC_ID3971" name="Scenario3971" time="0.001"/>
  <testcase classname="TestCases.TC_ID3971" name="Scenario3971" time="0.0"/>
  <testcase classname="TestCases.TC_ID3971" name="Scenario3971" time="0.001"/>
  <testcase classname="TestCases.TC_ID3971" name="Scenario3971" time="0.001"/>
  <testcase classname="TestCases.TC_ID3971" name="Scenario3971" time="0.001"/>
  <testcase classname="TestCases.TC_ID3971" name="Scenario3971" time="0.001"/>
  <testcase classname="TestCases.TC_ID3971" name="Scenario3971" time="0.0"/>
  <testcase classname="TestCases.TC_ID3971" name="Scenario3971" time="0.002"/>
  <testcase classname="TestCases.TC_ID3971" name="Scenario3971" time="0.001"/>
  <testcase classname="TestCases.TC_ID3971" name="Scenario3971" time="0.001"/>
  <testcase classname="TestCases.TC_ID3971" name="Scenario3971" time="0.001"/>
  <testcase classname="TestCases.TC_ID3971" name="Scenario3971" time="0.001"/>
  <testcase classname="TestCases.TC_ID3971" name="Scenario3971" time="0.001"/>
  <testcase classname="TestCases.TC_ID3971" name="Scenario3971" time="0.0"/>
  <testcase classname="TestCases.TC_ID3971" name="Scenario3971" time="0.001"/>
  <testcase classname="TestCases.TC_ID3971" name="Scenario3971" time="0.001"/>
  <testcase classname="TestCases.TC_ID3971" name="Scenario3971" time="0.001"/>
  <testcase classname="TestCases.TC_ID3971" name="Scenario3971" time="0.001"/>
  <testcase classname="TestCases.TC_ID3971" name="Scenario3971" time="0.0"/>
  <testcase classname="TestCases.TC_ID3971" name="Scenario3971" time="0.001"/>
  <testcase classname="TestCases.TC_ID3971" name="Scenario3971" time="0.001"/>
  <testcase classname="TestCases.TC_ID3971" name="Scenario3971" time="0.001"/>
  <testcase classname="TestCases.TC_ID3971" name="Scenario3971" time="0.001"/>
  <testcase classname="TestCases.TC_ID3971" name="Scenario3971" time="0.0"/>
  <testcase classname="TestCases.TC_ID3971" name="Scenario3971" time="0.0"/>
  <testcase classname="TestCases.TC_ID3971" name="Scenario3971" time="0.0"/>
  <testcase classname="TestCases.TC_ID3971" name="Scenario3971" time="0.0"/>
  <testcase classname="TestCases.TC_ID3971" name="Scenario3971" time="0.001"/>
  <testcase classname="TestCases.TC_ID3971" name="Scenario3971" time="0.001"/>
  <testcase classname="TestCases.TC_ID3971" name="Scenario3971" time="0.001"/>
  <testcase classname="TestCases.TC_ID3971" name="Scenario3971" time="0.001"/>
  <testcase classname="TestCases.TC_ID3971" name="Scenario3971" time="0.001"/>
  <testcase classname="TestCases.TC_ID3971" name="Scenario3971" time="0.001"/>
  <testcase classname="TestCases.TC_ID3971" name="Scenario3971" time="0.0"/>
  <testcase classname="TestCases.TC_ID3971" name="Scenario3971" time="0.0"/>
  <testcase classname="TestCases.TC_ID3971" name="Scenario3971" time="0.001"/>
  <testcase classname="TestCases.TC_ID3971" name="Scenario3971" time="0.001"/>
  <testcase classname="TestCases.TC_ID3971" name="Scenario3971" time="0.0"/>
  <testcase classname="TestCases.TC_ID3971" name="Scenario3971" time="0.001"/>
  <testcase classname="TestCases.TC_ID3971" name="Scenario3971" time="0.001"/>
  <testcase classname="TestCases.TC_ID3971" name="Scenario3971" time="0.001"/>
  <testcase classname="TestCases.TC_ID3971" name="Scenario3971" time="0.001"/>
  <testcase classname="TestCases.TC_ID3971" name="Scenario3971" time="0.001"/>
  <testcase classname="TestCases.TC_ID3971" name="Scenario3971" time="0.0"/>
  <testcase classname="TestCases.TC_ID3971" name="Scenario3971" time="0.001"/>
  <testcase classname="TestCases.TC_ID3971" name="Scenario3971" time="0.0"/>
  <testcase classname="TestCases.TC_ID3971" name="Scenario3971" time="0.001"/>
  <testcase classname="TestCases.TC_ID3971" name="Scenario3971" time="0.0"/>
  <testcase classname="TestCases.TC_ID3971" name="Scenario3971" time="0.001"/>
  <testcase classname="TestCases.TC_ID3971" name="Scenario3971" time="0.001"/>
  <testcase classname="TestCases.TC_ID3971" name="Scenario3971" time="0.0"/>
  <testcase classname="TestCases.TC_ID3971" name="Scenario3971" time="0.0"/>
  <testcase classname="TestCases.TC_ID3971" name="Scenario3971" time="0.001"/>
  <testcase classname="TestCases.TC_ID3971" name="Scenario3971" time="0.002"/>
  <testcase classname="TestCases.TC_ID3971" name="Scenario3971" time="0.001"/>
  <testcase classname="TestCases.TC_ID3971" name="Scenario3971" time="0.0"/>
  <testcase classname="TestCases.TC_ID3971" name="Scenario3971" time="0.001"/>
  <testcase classname="TestCases.TC_ID3971" name="Scenario3971" time="0.001"/>
  <testcase classname="TestCases.TC_ID3971" name="Scenario3971" time="0.001"/>
  <testcase classname="TestCases.TC_ID3971" name="Scenario3971" time="0.001"/>
  <testcase classname="TestCases.TC_ID3971" name="Scenario3971" time="0.001"/>
  <testcase classname="TestCases.TC_ID3971" name="Scenario3971" time="0.001"/>
  <testcase classname="TestCases.TC_ID3971" name="Scenario3971" time="0.001"/>
  <testcase classname="TestCases.TC_ID3971" name="Scenario3971" time="0.0"/>
  <testcase classname="TestCases.TC_ID3971" name="Scenario3971" time="0.001"/>
  <testcase classname="TestCases.TC_ID3971" name="Scenario3971" time="0.001"/>
  <testcase classname="TestCases.TC_ID3971" name="Scenario3971" time="0.001"/>
  <testcase classname="TestCases.TC_ID3971" name="Scenario3971" time="0.0"/>
  <testcase classname="TestCases.TC_ID3971" name="Scenario3971" time="0.001"/>
</testsuite> <!--  Verify user able to create Travel policy with Group, ST: Accept Cookies, Europe, Group(10), Travel Only, Premier, Wedding Cover -->
