<?xml version="1.0" encoding="UTF-8"?>
<!-- Generated by org.testng.reporters.JUnitXMLReporter -->
<testsuite ignored="0" hostname="DESKTOP-5F714E5" failures="0" tests="77" name="Verify user able to create T and M policy with Couple, AMT - U/W declined" time="175.525" errors="0" timestamp="2022-01-18T10:59:18 IST">
  <testcase classname="TestCases.TC_ID6102" name="Scenario6102" time="0.008"/>
  <testcase classname="TestCases.TC_ID6102" name="Scenario6102" time="0.0"/>
  <testcase classname="TestCases.TC_ID6102" name="Scenario6102" time="0.001"/>
  <testcase classname="TestCases.TC_ID6102" name="Scenario6102" time="0.001"/>
  <testcase classname="TestCases.TC_ID6102" name="Scenario6102" time="0.001"/>
  <testcase classname="TestCases.TC_ID6102" name="Scenario6102" time="0.0"/>
  <testcase classname="TestCases.TC_ID6102" name="Scenario6102" time="0.0"/>
  <testcase classname="TestCases.TC_ID6102" name="Scenario6102" time="0.0"/>
  <testcase classname="TestCases.TC_ID6102" name="Scenario6102" time="0.001"/>
  <testcase classname="TestCases.TC_ID6102" name="Scenario6102" time="0.0"/>
  <testcase classname="TestCases.TC_ID6102" name="Scenario6102" time="0.0"/>
  <testcase classname="TestCases.TC_ID6102" name="Scenario6102" time="0.001"/>
  <testcase classname="TestCases.TC_ID6102" name="Scenario6102" time="0.0"/>
  <testcase classname="TestCases.TC_ID6102" name="Scenario6102" time="0.0"/>
  <testcase classname="TestCases.TC_ID6102" name="Scenario6102" time="0.001"/>
  <testcase classname="TestCases.TC_ID6102" name="Scenario6102" time="0.001"/>
  <testcase classname="TestCases.TC_ID6102" name="Scenario6102" time="0.001"/>
  <testcase classname="TestCases.TC_ID6102" name="Scenario6102" time="0.0"/>
  <testcase classname="TestCases.TC_ID6102" name="Scenario6102" time="0.0"/>
  <testcase classname="TestCases.TC_ID6102" name="Scenario6102" time="0.001"/>
  <testcase classname="TestCases.TC_ID6102" name="Scenario6102" time="0.001"/>
  <testcase classname="TestCases.TC_ID6102" name="Scenario6102" time="0.0"/>
  <testcase classname="TestCases.TC_ID6102" name="Scenario6102" time="0.001"/>
  <testcase classname="TestCases.TC_ID6102" name="Scenario6102" time="0.0"/>
  <testcase classname="TestCases.TC_ID6102" name="Scenario6102" time="0.0"/>
  <testcase classname="TestCases.TC_ID6102" name="Scenario6102" time="0.001"/>
  <testcase classname="TestCases.TC_ID6102" name="Scenario6102" time="0.001"/>
  <testcase classname="TestCases.TC_ID6102" name="Scenario6102" time="0.0"/>
  <testcase classname="TestCases.TC_ID6102" name="Scenario6102" time="0.0"/>
  <testcase classname="TestCases.TC_ID6102" name="Scenario6102" time="0.0"/>
  <testcase classname="TestCases.TC_ID6102" name="Scenario6102" time="0.003"/>
  <testcase classname="TestCases.TC_ID6102" name="Scenario6102" time="0.001"/>
  <testcase classname="TestCases.TC_ID6102" name="Scenario6102" time="0.0"/>
  <testcase classname="TestCases.TC_ID6102" name="Scenario6102" time="0.0"/>
  <testcase classname="TestCases.TC_ID6102" name="Scenario6102" time="0.001"/>
  <testcase classname="TestCases.TC_ID6102" name="Scenario6102" time="0.001"/>
  <testcase classname="TestCases.TC_ID6102" name="Scenario6102" time="0.0"/>
  <testcase classname="TestCases.TC_ID6102" name="Scenario6102" time="0.0"/>
  <testcase classname="TestCases.TC_ID6102" name="Scenario6102" time="0.0"/>
  <testcase classname="TestCases.TC_ID6102" name="Scenario6102" time="0.0"/>
  <testcase classname="TestCases.TC_ID6102" name="Scenario6102" time="0.0"/>
  <testcase classname="TestCases.TC_ID6102" name="Scenario6102" time="0.0"/>
  <testcase classname="TestCases.TC_ID6102" name="Scenario6102" time="0.001"/>
  <testcase classname="TestCases.TC_ID6102" name="Scenario6102" time="0.0"/>
  <testcase classname="TestCases.TC_ID6102" name="Scenario6102" time="0.0"/>
  <testcase classname="TestCases.TC_ID6102" name="Scenario6102" time="0.0"/>
  <testcase classname="TestCases.TC_ID6102" name="Scenario6102" time="0.0"/>
  <testcase classname="TestCases.TC_ID6102" name="Scenario6102" time="0.001"/>
  <testcase classname="TestCases.TC_ID6102" name="Scenario6102" time="0.0"/>
  <testcase classname="TestCases.TC_ID6102" name="Scenario6102" time="0.0"/>
  <testcase classname="TestCases.TC_ID6102" name="Scenario6102" time="0.001"/>
  <testcase classname="TestCases.TC_ID6102" name="Scenario6102" time="0.001"/>
  <testcase classname="TestCases.TC_ID6102" name="Scenario6102" time="0.001"/>
  <testcase classname="TestCases.TC_ID6102" name="Scenario6102" time="0.0"/>
  <testcase classname="TestCases.TC_ID6102" name="Scenario6102" time="0.0"/>
  <testcase classname="TestCases.TC_ID6102" name="Scenario6102" time="0.0"/>
  <testcase classname="TestCases.TC_ID6102" name="Scenario6102" time="0.001"/>
  <testcase classname="TestCases.TC_ID6102" name="Scenario6102" time="0.0"/>
  <testcase classname="TestCases.TC_ID6102" name="Scenario6102" time="0.0"/>
  <testcase classname="TestCases.TC_ID6102" name="Scenario6102" time="0.001"/>
  <testcase classname="TestCases.TC_ID6102" name="Scenario6102" time="0.0"/>
  <testcase classname="TestCases.TC_ID6102" name="Scenario6102" time="0.0"/>
  <testcase classname="TestCases.TC_ID6102" name="Scenario6102" time="0.0"/>
  <testcase classname="TestCases.TC_ID6102" name="Scenario6102" time="0.001"/>
  <testcase classname="TestCases.TC_ID6102" name="Scenario6102" time="0.001"/>
  <testcase classname="TestCases.TC_ID6102" name="Scenario6102" time="0.0"/>
  <testcase classname="TestCases.TC_ID6102" name="Scenario6102" time="0.0"/>
  <testcase classname="TestCases.TC_ID6102" name="Scenario6102" time="0.001"/>
  <testcase classname="TestCases.TC_ID6102" name="Scenario6102" time="0.0"/>
  <testcase classname="TestCases.TC_ID6102" name="Scenario6102" time="0.0"/>
  <testcase classname="TestCases.TC_ID6102" name="Scenario6102" time="0.0"/>
  <testcase classname="TestCases.TC_ID6102" name="Scenario6102" time="67.409"/>
  <testcase classname="TestCases.TC_ID6102" name="Scenario6102" time="0.002"/>
  <testcase classname="TestCases.TC_ID6102" name="Scenario6102" time="0.001"/>
  <testcase classname="TestCases.TC_ID6102" name="Scenario6102" time="0.001"/>
  <testcase classname="TestCases.TC_ID6102" name="Scenario6102" time="0.001"/>
  <testcase classname="TestCases.TC_ID6102" name="Scenario6102" time="0.001"/>
</testsuite> <!-- Verify user able to create T and M policy with Couple, AMT - U/W declined -->
