<?xml version="1.0" encoding="UTF-8"?>
<!-- Generated by org.testng.reporters.JUnitXMLReporter -->
<testsuite ignored="0" hostname="DESKTOP-5F714E5" failures="0" tests="77" name="Verify the pricin Cover page - ST" time="212.066" errors="0" timestamp="2022-01-13T20:18:22 IST">
  <testcase classname="TestCases.TC_ID1809" name="Scenario1809" time="0.033"/>
  <testcase classname="TestCases.TC_ID1809" name="Scenario1809" time="0.003"/>
  <testcase classname="TestCases.TC_ID1809" name="Scenario1809" time="0.005"/>
  <testcase classname="TestCases.TC_ID1809" name="Scenario1809" time="0.01"/>
  <testcase classname="TestCases.TC_ID1809" name="Scenario1809" time="0.007"/>
  <testcase classname="TestCases.TC_ID1809" name="Scenario1809" time="0.021"/>
  <testcase classname="TestCases.TC_ID1809" name="Scenario1809" time="0.002"/>
  <testcase classname="TestCases.TC_ID1809" name="Scenario1809" time="0.003"/>
  <testcase classname="TestCases.TC_ID1809" name="Scenario1809" time="0.002"/>
  <testcase classname="TestCases.TC_ID1809" name="Scenario1809" time="0.002"/>
  <testcase classname="TestCases.TC_ID1809" name="Scenario1809" time="0.005"/>
  <testcase classname="TestCases.TC_ID1809" name="Scenario1809" time="0.003"/>
  <testcase classname="TestCases.TC_ID1809" name="Scenario1809" time="0.006"/>
  <testcase classname="TestCases.TC_ID1809" name="Scenario1809" time="0.005"/>
  <testcase classname="TestCases.TC_ID1809" name="Scenario1809" time="0.03"/>
  <testcase classname="TestCases.TC_ID1809" name="Scenario1809" time="0.017"/>
  <testcase classname="TestCases.TC_ID1809" name="Scenario1809" time="0.002"/>
  <testcase classname="TestCases.TC_ID1809" name="Scenario1809" time="80.235"/>
  <testcase classname="TestCases.TC_ID1809" name="Scenario1809" time="0.001"/>
  <testcase classname="TestCases.TC_ID1809" name="Scenario1809" time="0.001"/>
  <testcase classname="TestCases.TC_ID1809" name="Scenario1809" time="0.005"/>
  <testcase classname="TestCases.TC_ID1809" name="Scenario1809" time="0.001"/>
  <testcase classname="TestCases.TC_ID1809" name="Scenario1809" time="0.002"/>
  <testcase classname="TestCases.TC_ID1809" name="Scenario1809" time="0.003"/>
  <testcase classname="TestCases.TC_ID1809" name="Scenario1809" time="0.002"/>
  <testcase classname="TestCases.TC_ID1809" name="Scenario1809" time="0.005"/>
  <testcase classname="TestCases.TC_ID1809" name="Scenario1809" time="0.002"/>
  <testcase classname="TestCases.TC_ID1809" name="Scenario1809" time="0.002"/>
  <testcase classname="TestCases.TC_ID1809" name="Scenario1809" time="0.003"/>
  <testcase classname="TestCases.TC_ID1809" name="Scenario1809" time="0.003"/>
  <testcase classname="TestCases.TC_ID1809" name="Scenario1809" time="0.002"/>
  <testcase classname="TestCases.TC_ID1809" name="Scenario1809" time="0.003"/>
  <testcase classname="TestCases.TC_ID1809" name="Scenario1809" time="0.001"/>
  <testcase classname="TestCases.TC_ID1809" name="Scenario1809" time="0.002"/>
  <testcase classname="TestCases.TC_ID1809" name="Scenario1809" time="0.001"/>
  <testcase classname="TestCases.TC_ID1809" name="Scenario1809" time="0.001"/>
  <testcase classname="TestCases.TC_ID1809" name="Scenario1809" time="0.002"/>
  <testcase classname="TestCases.TC_ID1809" name="Scenario1809" time="0.002"/>
  <testcase classname="TestCases.TC_ID1809" name="Scenario1809" time="0.001"/>
  <testcase classname="TestCases.TC_ID1809" name="Scenario1809" time="0.002"/>
  <testcase classname="TestCases.TC_ID1809" name="Scenario1809" time="0.003"/>
  <testcase classname="TestCases.TC_ID1809" name="Scenario1809" time="0.002"/>
  <testcase classname="TestCases.TC_ID1809" name="Scenario1809" time="0.004"/>
  <testcase classname="TestCases.TC_ID1809" name="Scenario1809" time="0.004"/>
  <testcase classname="TestCases.TC_ID1809" name="Scenario1809" time="0.005"/>
  <testcase classname="TestCases.TC_ID1809" name="Scenario1809" time="0.003"/>
  <testcase classname="TestCases.TC_ID1809" name="Scenario1809" time="0.002"/>
  <testcase classname="TestCases.TC_ID1809" name="Scenario1809" time="0.003"/>
  <testcase classname="TestCases.TC_ID1809" name="Scenario1809" time="0.002"/>
  <testcase classname="TestCases.TC_ID1809" name="Scenario1809" time="0.003"/>
  <testcase classname="TestCases.TC_ID1809" name="Scenario1809" time="0.005"/>
  <testcase classname="TestCases.TC_ID1809" name="Scenario1809" time="0.004"/>
  <testcase classname="TestCases.TC_ID1809" name="Scenario1809" time="0.002"/>
  <testcase classname="TestCases.TC_ID1809" name="Scenario1809" time="0.004"/>
  <testcase classname="TestCases.TC_ID1809" name="Scenario1809" time="0.003"/>
  <testcase classname="TestCases.TC_ID1809" name="Scenario1809" time="0.004"/>
  <testcase classname="TestCases.TC_ID1809" name="Scenario1809" time="0.001"/>
  <testcase classname="TestCases.TC_ID1809" name="Scenario1809" time="0.004"/>
  <testcase classname="TestCases.TC_ID1809" name="Scenario1809" time="0.003"/>
  <testcase classname="TestCases.TC_ID1809" name="Scenario1809" time="0.001"/>
  <testcase classname="TestCases.TC_ID1809" name="Scenario1809" time="0.001"/>
  <testcase classname="TestCases.TC_ID1809" name="Scenario1809" time="0.002"/>
  <testcase classname="TestCases.TC_ID1809" name="Scenario1809" time="0.017"/>
  <testcase classname="TestCases.TC_ID1809" name="Scenario1809" time="0.001"/>
  <testcase classname="TestCases.TC_ID1809" name="Scenario1809" time="0.001"/>
  <testcase classname="TestCases.TC_ID1809" name="Scenario1809" time="0.001"/>
  <testcase classname="TestCases.TC_ID1809" name="Scenario1809" time="0.001"/>
  <testcase classname="TestCases.TC_ID1809" name="Scenario1809" time="0.001"/>
  <testcase classname="TestCases.TC_ID1809" name="Scenario1809" time="0.001"/>
  <testcase classname="TestCases.TC_ID1809" name="Scenario1809" time="0.002"/>
  <testcase classname="TestCases.TC_ID1809" name="Scenario1809" time="0.001"/>
  <testcase classname="TestCases.TC_ID1809" name="Scenario1809" time="0.002"/>
  <testcase classname="TestCases.TC_ID1809" name="Scenario1809" time="0.003"/>
  <testcase classname="TestCases.TC_ID1809" name="Scenario1809" time="0.002"/>
  <testcase classname="TestCases.TC_ID1809" name="Scenario1809" time="0.001"/>
  <testcase classname="TestCases.TC_ID1809" name="Scenario1809" time="0.001"/>
  <testcase classname="TestCases.TC_ID1809" name="Scenario1809" time="0.001"/>
</testsuite> <!-- Verify the pricin Cover page - ST -->
