<?xml version="1.0" encoding="UTF-8"?>
<!-- Generated by org.testng.reporters.JUnitXMLReporter -->
<testsuite ignored="0" hostname="DESKTOP-5F714E5" failures="0" tests="77" name="Verify user able to create T and M policy with Individual, AMT" time="213.76" errors="0" timestamp="2022-01-18T10:12:37 IST">
  <testcase classname="TestCases.TC_ID3989" name="Scenario3989" time="0.009"/>
  <testcase classname="TestCases.TC_ID3989" name="Scenario3989" time="0.0"/>
  <testcase classname="TestCases.TC_ID3989" name="Scenario3989" time="0.0"/>
  <testcase classname="TestCases.TC_ID3989" name="Scenario3989" time="0.0"/>
  <testcase classname="TestCases.TC_ID3989" name="Scenario3989" time="0.0"/>
  <testcase classname="TestCases.TC_ID3989" name="Scenario3989" time="0.0"/>
  <testcase classname="TestCases.TC_ID3989" name="Scenario3989" time="0.0"/>
  <testcase classname="TestCases.TC_ID3989" name="Scenario3989" time="0.001"/>
  <testcase classname="TestCases.TC_ID3989" name="Scenario3989" time="0.001"/>
  <testcase classname="TestCases.TC_ID3989" name="Scenario3989" time="0.001"/>
  <testcase classname="TestCases.TC_ID3989" name="Scenario3989" time="0.0"/>
  <testcase classname="TestCases.TC_ID3989" name="Scenario3989" time="0.0"/>
  <testcase classname="TestCases.TC_ID3989" name="Scenario3989" time="0.001"/>
  <testcase classname="TestCases.TC_ID3989" name="Scenario3989" time="0.0"/>
  <testcase classname="TestCases.TC_ID3989" name="Scenario3989" time="0.0"/>
  <testcase classname="TestCases.TC_ID3989" name="Scenario3989" time="0.001"/>
  <testcase classname="TestCases.TC_ID3989" name="Scenario3989" time="0.001"/>
  <testcase classname="TestCases.TC_ID3989" name="Scenario3989" time="0.0"/>
  <testcase classname="TestCases.TC_ID3989" name="Scenario3989" time="0.0"/>
  <testcase classname="TestCases.TC_ID3989" name="Scenario3989" time="0.001"/>
  <testcase classname="TestCases.TC_ID3989" name="Scenario3989" time="0.0"/>
  <testcase classname="TestCases.TC_ID3989" name="Scenario3989" time="0.0"/>
  <testcase classname="TestCases.TC_ID3989" name="Scenario3989" time="0.0"/>
  <testcase classname="TestCases.TC_ID3989" name="Scenario3989" time="0.001"/>
  <testcase classname="TestCases.TC_ID3989" name="Scenario3989" time="0.0"/>
  <testcase classname="TestCases.TC_ID3989" name="Scenario3989" time="0.0"/>
  <testcase classname="TestCases.TC_ID3989" name="Scenario3989" time="0.001"/>
  <testcase classname="TestCases.TC_ID3989" name="Scenario3989" time="0.0"/>
  <testcase classname="TestCases.TC_ID3989" name="Scenario3989" time="0.001"/>
  <testcase classname="TestCases.TC_ID3989" name="Scenario3989" time="0.0"/>
  <testcase classname="TestCases.TC_ID3989" name="Scenario3989" time="0.0"/>
  <testcase classname="TestCases.TC_ID3989" name="Scenario3989" time="0.001"/>
  <testcase classname="TestCases.TC_ID3989" name="Scenario3989" time="0.0"/>
  <testcase classname="TestCases.TC_ID3989" name="Scenario3989" time="0.0"/>
  <testcase classname="TestCases.TC_ID3989" name="Scenario3989" time="0.0"/>
  <testcase classname="TestCases.TC_ID3989" name="Scenario3989" time="0.001"/>
  <testcase classname="TestCases.TC_ID3989" name="Scenario3989" time="0.001"/>
  <testcase classname="TestCases.TC_ID3989" name="Scenario3989" time="0.0"/>
  <testcase classname="TestCases.TC_ID3989" name="Scenario3989" time="0.0"/>
  <testcase classname="TestCases.TC_ID3989" name="Scenario3989" time="0.001"/>
  <testcase classname="TestCases.TC_ID3989" name="Scenario3989" time="0.0"/>
  <testcase classname="TestCases.TC_ID3989" name="Scenario3989" time="0.0"/>
  <testcase classname="TestCases.TC_ID3989" name="Scenario3989" time="0.0"/>
  <testcase classname="TestCases.TC_ID3989" name="Scenario3989" time="0.001"/>
  <testcase classname="TestCases.TC_ID3989" name="Scenario3989" time="0.0"/>
  <testcase classname="TestCases.TC_ID3989" name="Scenario3989" time="0.0"/>
  <testcase classname="TestCases.TC_ID3989" name="Scenario3989" time="0.0"/>
  <testcase classname="TestCases.TC_ID3989" name="Scenario3989" time="0.001"/>
  <testcase classname="TestCases.TC_ID3989" name="Scenario3989" time="0.0"/>
  <testcase classname="TestCases.TC_ID3989" name="Scenario3989" time="0.0"/>
  <testcase classname="TestCases.TC_ID3989" name="Scenario3989" time="115.572"/>
  <testcase classname="TestCases.TC_ID3989" name="Scenario3989" time="0.001"/>
  <testcase classname="TestCases.TC_ID3989" name="Scenario3989" time="0.0"/>
  <testcase classname="TestCases.TC_ID3989" name="Scenario3989" time="0.0"/>
  <testcase classname="TestCases.TC_ID3989" name="Scenario3989" time="0.001"/>
  <testcase classname="TestCases.TC_ID3989" name="Scenario3989" time="0.001"/>
  <testcase classname="TestCases.TC_ID3989" name="Scenario3989" time="0.001"/>
  <testcase classname="TestCases.TC_ID3989" name="Scenario3989" time="0.001"/>
  <testcase classname="TestCases.TC_ID3989" name="Scenario3989" time="0.0"/>
  <testcase classname="TestCases.TC_ID3989" name="Scenario3989" time="0.001"/>
  <testcase classname="TestCases.TC_ID3989" name="Scenario3989" time="0.001"/>
  <testcase classname="TestCases.TC_ID3989" name="Scenario3989" time="0.001"/>
  <testcase classname="TestCases.TC_ID3989" name="Scenario3989" time="0.0"/>
  <testcase classname="TestCases.TC_ID3989" name="Scenario3989" time="0.001"/>
  <testcase classname="TestCases.TC_ID3989" name="Scenario3989" time="0.0"/>
  <testcase classname="TestCases.TC_ID3989" name="Scenario3989" time="0.001"/>
  <testcase classname="TestCases.TC_ID3989" name="Scenario3989" time="0.002"/>
  <testcase classname="TestCases.TC_ID3989" name="Scenario3989" time="0.001"/>
  <testcase classname="TestCases.TC_ID3989" name="Scenario3989" time="0.0"/>
  <testcase classname="TestCases.TC_ID3989" name="Scenario3989" time="0.001"/>
  <testcase classname="TestCases.TC_ID3989" name="Scenario3989" time="0.0"/>
  <testcase classname="TestCases.TC_ID3989" name="Scenario3989" time="0.001"/>
  <testcase classname="TestCases.TC_ID3989" name="Scenario3989" time="0.0"/>
  <testcase classname="TestCases.TC_ID3989" name="Scenario3989" time="0.001"/>
  <testcase classname="TestCases.TC_ID3989" name="Scenario3989" time="0.0"/>
  <testcase classname="TestCases.TC_ID3989" name="Scenario3989" time="0.001"/>
  <testcase classname="TestCases.TC_ID3989" name="Scenario3989" time="0.001"/>
</testsuite> <!-- Verify user able to create T and M policy with Individual, AMT -->
