<?xml version="1.0" encoding="UTF-8"?>
<!-- Generated by org.testng.reporters.JUnitXMLReporter -->
<testsuite ignored="0" hostname="DESKTOP-5F714E5" failures="0" tests="77" name=" Verify user able to create Travel policy with Group, AMT:Accept Cookies,WWInc., Group(8),Travel Only, Ultimate, Business Cover" time="203.237" errors="0" timestamp="2022-01-18T08:31:41 IST">
  <testcase classname="TestCases.TC_ID3972" name="Scenario3972" time="0.007"/>
  <testcase classname="TestCases.TC_ID3972" name="Scenario3972" time="0.0"/>
  <testcase classname="TestCases.TC_ID3972" name="Scenario3972" time="0.001"/>
  <testcase classname="TestCases.TC_ID3972" name="Scenario3972" time="0.001"/>
  <testcase classname="TestCases.TC_ID3972" name="Scenario3972" time="102.651"/>
  <testcase classname="TestCases.TC_ID3972" name="Scenario3972" time="0.001"/>
  <testcase classname="TestCases.TC_ID3972" name="Scenario3972" time="0.001"/>
  <testcase classname="TestCases.TC_ID3972" name="Scenario3972" time="0.001"/>
  <testcase classname="TestCases.TC_ID3972" name="Scenario3972" time="0.001"/>
  <testcase classname="TestCases.TC_ID3972" name="Scenario3972" time="0.0"/>
  <testcase classname="TestCases.TC_ID3972" name="Scenario3972" time="0.001"/>
  <testcase classname="TestCases.TC_ID3972" name="Scenario3972" time="0.0"/>
  <testcase classname="TestCases.TC_ID3972" name="Scenario3972" time="0.0"/>
  <testcase classname="TestCases.TC_ID3972" name="Scenario3972" time="0.0"/>
  <testcase classname="TestCases.TC_ID3972" name="Scenario3972" time="0.0"/>
  <testcase classname="TestCases.TC_ID3972" name="Scenario3972" time="0.001"/>
  <testcase classname="TestCases.TC_ID3972" name="Scenario3972" time="0.001"/>
  <testcase classname="TestCases.TC_ID3972" name="Scenario3972" time="0.001"/>
  <testcase classname="TestCases.TC_ID3972" name="Scenario3972" time="0.001"/>
  <testcase classname="TestCases.TC_ID3972" name="Scenario3972" time="0.0"/>
  <testcase classname="TestCases.TC_ID3972" name="Scenario3972" time="0.0"/>
  <testcase classname="TestCases.TC_ID3972" name="Scenario3972" time="0.0"/>
  <testcase classname="TestCases.TC_ID3972" name="Scenario3972" time="0.0"/>
  <testcase classname="TestCases.TC_ID3972" name="Scenario3972" time="0.0"/>
  <testcase classname="TestCases.TC_ID3972" name="Scenario3972" time="0.001"/>
  <testcase classname="TestCases.TC_ID3972" name="Scenario3972" time="0.001"/>
  <testcase classname="TestCases.TC_ID3972" name="Scenario3972" time="0.001"/>
  <testcase classname="TestCases.TC_ID3972" name="Scenario3972" time="0.001"/>
  <testcase classname="TestCases.TC_ID3972" name="Scenario3972" time="0.001"/>
  <testcase classname="TestCases.TC_ID3972" name="Scenario3972" time="0.001"/>
  <testcase classname="TestCases.TC_ID3972" name="Scenario3972" time="0.0"/>
  <testcase classname="TestCases.TC_ID3972" name="Scenario3972" time="0.001"/>
  <testcase classname="TestCases.TC_ID3972" name="Scenario3972" time="0.001"/>
  <testcase classname="TestCases.TC_ID3972" name="Scenario3972" time="0.001"/>
  <testcase classname="TestCases.TC_ID3972" name="Scenario3972" time="0.001"/>
  <testcase classname="TestCases.TC_ID3972" name="Scenario3972" time="0.002"/>
  <testcase classname="TestCases.TC_ID3972" name="Scenario3972" time="0.001"/>
  <testcase classname="TestCases.TC_ID3972" name="Scenario3972" time="0.001"/>
  <testcase classname="TestCases.TC_ID3972" name="Scenario3972" time="0.001"/>
  <testcase classname="TestCases.TC_ID3972" name="Scenario3972" time="0.001"/>
  <testcase classname="TestCases.TC_ID3972" name="Scenario3972" time="0.0"/>
  <testcase classname="TestCases.TC_ID3972" name="Scenario3972" time="0.001"/>
  <testcase classname="TestCases.TC_ID3972" name="Scenario3972" time="0.002"/>
  <testcase classname="TestCases.TC_ID3972" name="Scenario3972" time="0.001"/>
  <testcase classname="TestCases.TC_ID3972" name="Scenario3972" time="0.0"/>
  <testcase classname="TestCases.TC_ID3972" name="Scenario3972" time="0.001"/>
  <testcase classname="TestCases.TC_ID3972" name="Scenario3972" time="0.001"/>
  <testcase classname="TestCases.TC_ID3972" name="Scenario3972" time="0.002"/>
  <testcase classname="TestCases.TC_ID3972" name="Scenario3972" time="0.002"/>
  <testcase classname="TestCases.TC_ID3972" name="Scenario3972" time="0.001"/>
  <testcase classname="TestCases.TC_ID3972" name="Scenario3972" time="0.001"/>
  <testcase classname="TestCases.TC_ID3972" name="Scenario3972" time="0.002"/>
  <testcase classname="TestCases.TC_ID3972" name="Scenario3972" time="0.001"/>
  <testcase classname="TestCases.TC_ID3972" name="Scenario3972" time="0.001"/>
  <testcase classname="TestCases.TC_ID3972" name="Scenario3972" time="0.002"/>
  <testcase classname="TestCases.TC_ID3972" name="Scenario3972" time="0.001"/>
  <testcase classname="TestCases.TC_ID3972" name="Scenario3972" time="0.001"/>
  <testcase classname="TestCases.TC_ID3972" name="Scenario3972" time="0.0"/>
  <testcase classname="TestCases.TC_ID3972" name="Scenario3972" time="0.001"/>
  <testcase classname="TestCases.TC_ID3972" name="Scenario3972" time="0.001"/>
  <testcase classname="TestCases.TC_ID3972" name="Scenario3972" time="0.001"/>
  <testcase classname="TestCases.TC_ID3972" name="Scenario3972" time="0.0"/>
  <testcase classname="TestCases.TC_ID3972" name="Scenario3972" time="0.001"/>
  <testcase classname="TestCases.TC_ID3972" name="Scenario3972" time="0.001"/>
  <testcase classname="TestCases.TC_ID3972" name="Scenario3972" time="0.001"/>
  <testcase classname="TestCases.TC_ID3972" name="Scenario3972" time="0.0"/>
  <testcase classname="TestCases.TC_ID3972" name="Scenario3972" time="0.001"/>
  <testcase classname="TestCases.TC_ID3972" name="Scenario3972" time="0.0"/>
  <testcase classname="TestCases.TC_ID3972" name="Scenario3972" time="0.0"/>
  <testcase classname="TestCases.TC_ID3972" name="Scenario3972" time="0.0"/>
  <testcase classname="TestCases.TC_ID3972" name="Scenario3972" time="0.001"/>
  <testcase classname="TestCases.TC_ID3972" name="Scenario3972" time="0.0"/>
  <testcase classname="TestCases.TC_ID3972" name="Scenario3972" time="0.001"/>
  <testcase classname="TestCases.TC_ID3972" name="Scenario3972" time="0.001"/>
  <testcase classname="TestCases.TC_ID3972" name="Scenario3972" time="0.001"/>
  <testcase classname="TestCases.TC_ID3972" name="Scenario3972" time="0.0"/>
  <testcase classname="TestCases.TC_ID3972" name="Scenario3972" time="0.0"/>
</testsuite> <!--  Verify user able to create Travel policy with Group, AMT:Accept Cookies,WWInc., Group(8),Travel Only, Ultimate, Business Cover -->
