<?xml version="1.0" encoding="UTF-8"?>
<!-- Generated by org.testng.reporters.JUnitXMLReporter -->
<testsuite ignored="0" hostname="DESKTOP-5F714E5" failures="0" tests="77" name="What happens if we don&#039;t select - Where are you travelling to?" time="120.072" errors="0" timestamp="2022-01-18T09:18:57 IST">
  <testcase classname="TestCases.TC_ID6077" name="Scenario6077" time="0.011"/>
  <testcase classname="TestCases.TC_ID6077" name="Scenario6077" time="0.001"/>
  <testcase classname="TestCases.TC_ID6077" name="Scenario6077" time="0.001"/>
  <testcase classname="TestCases.TC_ID6077" name="Scenario6077" time="0.001"/>
  <testcase classname="TestCases.TC_ID6077" name="Scenario6077" time="0.001"/>
  <testcase classname="TestCases.TC_ID6077" name="Scenario6077" time="0.002"/>
  <testcase classname="TestCases.TC_ID6077" name="Scenario6077" time="0.001"/>
  <testcase classname="TestCases.TC_ID6077" name="Scenario6077" time="0.001"/>
  <testcase classname="TestCases.TC_ID6077" name="Scenario6077" time="0.0"/>
  <testcase classname="TestCases.TC_ID6077" name="Scenario6077" time="0.001"/>
  <testcase classname="TestCases.TC_ID6077" name="Scenario6077" time="0.0"/>
  <testcase classname="TestCases.TC_ID6077" name="Scenario6077" time="0.0"/>
  <testcase classname="TestCases.TC_ID6077" name="Scenario6077" time="0.001"/>
  <testcase classname="TestCases.TC_ID6077" name="Scenario6077" time="0.0"/>
  <testcase classname="TestCases.TC_ID6077" name="Scenario6077" time="0.0"/>
  <testcase classname="TestCases.TC_ID6077" name="Scenario6077" time="0.002"/>
  <testcase classname="TestCases.TC_ID6077" name="Scenario6077" time="0.001"/>
  <testcase classname="TestCases.TC_ID6077" name="Scenario6077" time="0.001"/>
  <testcase classname="TestCases.TC_ID6077" name="Scenario6077" time="0.0"/>
  <testcase classname="TestCases.TC_ID6077" name="Scenario6077" time="0.0"/>
  <testcase classname="TestCases.TC_ID6077" name="Scenario6077" time="0.005"/>
  <testcase classname="TestCases.TC_ID6077" name="Scenario6077" time="0.001"/>
  <testcase classname="TestCases.TC_ID6077" name="Scenario6077" time="0.002"/>
  <testcase classname="TestCases.TC_ID6077" name="Scenario6077" time="0.001"/>
  <testcase classname="TestCases.TC_ID6077" name="Scenario6077" time="0.002"/>
  <testcase classname="TestCases.TC_ID6077" name="Scenario6077" time="0.0"/>
  <testcase classname="TestCases.TC_ID6077" name="Scenario6077" time="0.002"/>
  <testcase classname="TestCases.TC_ID6077" name="Scenario6077" time="0.001"/>
  <testcase classname="TestCases.TC_ID6077" name="Scenario6077" time="0.001"/>
  <testcase classname="TestCases.TC_ID6077" name="Scenario6077" time="0.002"/>
  <testcase classname="TestCases.TC_ID6077" name="Scenario6077" time="0.0"/>
  <testcase classname="TestCases.TC_ID6077" name="Scenario6077" time="0.001"/>
  <testcase classname="TestCases.TC_ID6077" name="Scenario6077" time="0.0"/>
  <testcase classname="TestCases.TC_ID6077" name="Scenario6077" time="0.001"/>
  <testcase classname="TestCases.TC_ID6077" name="Scenario6077" time="0.001"/>
  <testcase classname="TestCases.TC_ID6077" name="Scenario6077" time="0.001"/>
  <testcase classname="TestCases.TC_ID6077" name="Scenario6077" time="0.0"/>
  <testcase classname="TestCases.TC_ID6077" name="Scenario6077" time="0.001"/>
  <testcase classname="TestCases.TC_ID6077" name="Scenario6077" time="0.001"/>
  <testcase classname="TestCases.TC_ID6077" name="Scenario6077" time="0.0"/>
  <testcase classname="TestCases.TC_ID6077" name="Scenario6077" time="0.001"/>
  <testcase classname="TestCases.TC_ID6077" name="Scenario6077" time="0.001"/>
  <testcase classname="TestCases.TC_ID6077" name="Scenario6077" time="15.013"/>
  <testcase classname="TestCases.TC_ID6077" name="Scenario6077" time="0.001"/>
  <testcase classname="TestCases.TC_ID6077" name="Scenario6077" time="0.001"/>
  <testcase classname="TestCases.TC_ID6077" name="Scenario6077" time="0.001"/>
  <testcase classname="TestCases.TC_ID6077" name="Scenario6077" time="0.001"/>
  <testcase classname="TestCases.TC_ID6077" name="Scenario6077" time="0.0"/>
  <testcase classname="TestCases.TC_ID6077" name="Scenario6077" time="0.001"/>
  <testcase classname="TestCases.TC_ID6077" name="Scenario6077" time="0.001"/>
  <testcase classname="TestCases.TC_ID6077" name="Scenario6077" time="0.001"/>
  <testcase classname="TestCases.TC_ID6077" name="Scenario6077" time="0.001"/>
  <testcase classname="TestCases.TC_ID6077" name="Scenario6077" time="0.001"/>
  <testcase classname="TestCases.TC_ID6077" name="Scenario6077" time="0.0"/>
  <testcase classname="TestCases.TC_ID6077" name="Scenario6077" time="0.0"/>
  <testcase classname="TestCases.TC_ID6077" name="Scenario6077" time="0.001"/>
  <testcase classname="TestCases.TC_ID6077" name="Scenario6077" time="0.0"/>
  <testcase classname="TestCases.TC_ID6077" name="Scenario6077" time="0.001"/>
  <testcase classname="TestCases.TC_ID6077" name="Scenario6077" time="0.001"/>
  <testcase classname="TestCases.TC_ID6077" name="Scenario6077" time="0.001"/>
  <testcase classname="TestCases.TC_ID6077" name="Scenario6077" time="0.0"/>
  <testcase classname="TestCases.TC_ID6077" name="Scenario6077" time="0.002"/>
  <testcase classname="TestCases.TC_ID6077" name="Scenario6077" time="0.001"/>
  <testcase classname="TestCases.TC_ID6077" name="Scenario6077" time="0.001"/>
  <testcase classname="TestCases.TC_ID6077" name="Scenario6077" time="0.001"/>
  <testcase classname="TestCases.TC_ID6077" name="Scenario6077" time="0.0"/>
  <testcase classname="TestCases.TC_ID6077" name="Scenario6077" time="0.001"/>
  <testcase classname="TestCases.TC_ID6077" name="Scenario6077" time="0.0"/>
  <testcase classname="TestCases.TC_ID6077" name="Scenario6077" time="0.001"/>
  <testcase classname="TestCases.TC_ID6077" name="Scenario6077" time="0.001"/>
  <testcase classname="TestCases.TC_ID6077" name="Scenario6077" time="0.001"/>
  <testcase classname="TestCases.TC_ID6077" name="Scenario6077" time="0.0"/>
  <testcase classname="TestCases.TC_ID6077" name="Scenario6077" time="0.001"/>
  <testcase classname="TestCases.TC_ID6077" name="Scenario6077" time="0.001"/>
  <testcase classname="TestCases.TC_ID6077" name="Scenario6077" time="0.001"/>
  <testcase classname="TestCases.TC_ID6077" name="Scenario6077" time="0.0"/>
  <testcase classname="TestCases.TC_ID6077" name="Scenario6077" time="0.001"/>
</testsuite> <!-- What happens if we don't select - Where are you travelling to? -->
