<?xml version="1.0" encoding="UTF-8"?>
<!-- Generated by org.testng.reporters.JUnitXMLReporter -->
<testsuite ignored="0" hostname="DESKTOP-5F714E5" failures="0" tests="77" name="What happens if we don&#039;t select - Traveller date of birth" time="122.977" errors="0" timestamp="2022-01-18T09:26:51 IST">
  <testcase classname="TestCases.TC_ID6081" name="Scenario6081" time="0.009"/>
  <testcase classname="TestCases.TC_ID6081" name="Scenario6081" time="0.001"/>
  <testcase classname="TestCases.TC_ID6081" name="Scenario6081" time="0.001"/>
  <testcase classname="TestCases.TC_ID6081" name="Scenario6081" time="0.0"/>
  <testcase classname="TestCases.TC_ID6081" name="Scenario6081" time="0.003"/>
  <testcase classname="TestCases.TC_ID6081" name="Scenario6081" time="0.002"/>
  <testcase classname="TestCases.TC_ID6081" name="Scenario6081" time="0.002"/>
  <testcase classname="TestCases.TC_ID6081" name="Scenario6081" time="0.0"/>
  <testcase classname="TestCases.TC_ID6081" name="Scenario6081" time="0.0"/>
  <testcase classname="TestCases.TC_ID6081" name="Scenario6081" time="0.0"/>
  <testcase classname="TestCases.TC_ID6081" name="Scenario6081" time="0.001"/>
  <testcase classname="TestCases.TC_ID6081" name="Scenario6081" time="0.001"/>
  <testcase classname="TestCases.TC_ID6081" name="Scenario6081" time="0.001"/>
  <testcase classname="TestCases.TC_ID6081" name="Scenario6081" time="0.001"/>
  <testcase classname="TestCases.TC_ID6081" name="Scenario6081" time="0.0"/>
  <testcase classname="TestCases.TC_ID6081" name="Scenario6081" time="0.001"/>
  <testcase classname="TestCases.TC_ID6081" name="Scenario6081" time="0.002"/>
  <testcase classname="TestCases.TC_ID6081" name="Scenario6081" time="0.001"/>
  <testcase classname="TestCases.TC_ID6081" name="Scenario6081" time="0.001"/>
  <testcase classname="TestCases.TC_ID6081" name="Scenario6081" time="0.0"/>
  <testcase classname="TestCases.TC_ID6081" name="Scenario6081" time="0.0"/>
  <testcase classname="TestCases.TC_ID6081" name="Scenario6081" time="0.0"/>
  <testcase classname="TestCases.TC_ID6081" name="Scenario6081" time="0.001"/>
  <testcase classname="TestCases.TC_ID6081" name="Scenario6081" time="0.002"/>
  <testcase classname="TestCases.TC_ID6081" name="Scenario6081" time="0.001"/>
  <testcase classname="TestCases.TC_ID6081" name="Scenario6081" time="0.001"/>
  <testcase classname="TestCases.TC_ID6081" name="Scenario6081" time="0.001"/>
  <testcase classname="TestCases.TC_ID6081" name="Scenario6081" time="0.002"/>
  <testcase classname="TestCases.TC_ID6081" name="Scenario6081" time="0.001"/>
  <testcase classname="TestCases.TC_ID6081" name="Scenario6081" time="0.001"/>
  <testcase classname="TestCases.TC_ID6081" name="Scenario6081" time="0.0"/>
  <testcase classname="TestCases.TC_ID6081" name="Scenario6081" time="0.001"/>
  <testcase classname="TestCases.TC_ID6081" name="Scenario6081" time="0.001"/>
  <testcase classname="TestCases.TC_ID6081" name="Scenario6081" time="0.001"/>
  <testcase classname="TestCases.TC_ID6081" name="Scenario6081" time="0.001"/>
  <testcase classname="TestCases.TC_ID6081" name="Scenario6081" time="0.001"/>
  <testcase classname="TestCases.TC_ID6081" name="Scenario6081" time="0.001"/>
  <testcase classname="TestCases.TC_ID6081" name="Scenario6081" time="0.0"/>
  <testcase classname="TestCases.TC_ID6081" name="Scenario6081" time="0.0"/>
  <testcase classname="TestCases.TC_ID6081" name="Scenario6081" time="0.001"/>
  <testcase classname="TestCases.TC_ID6081" name="Scenario6081" time="0.0"/>
  <testcase classname="TestCases.TC_ID6081" name="Scenario6081" time="0.001"/>
  <testcase classname="TestCases.TC_ID6081" name="Scenario6081" time="0.001"/>
  <testcase classname="TestCases.TC_ID6081" name="Scenario6081" time="0.001"/>
  <testcase classname="TestCases.TC_ID6081" name="Scenario6081" time="0.001"/>
  <testcase classname="TestCases.TC_ID6081" name="Scenario6081" time="0.001"/>
  <testcase classname="TestCases.TC_ID6081" name="Scenario6081" time="12.406"/>
  <testcase classname="TestCases.TC_ID6081" name="Scenario6081" time="0.001"/>
  <testcase classname="TestCases.TC_ID6081" name="Scenario6081" time="0.001"/>
  <testcase classname="TestCases.TC_ID6081" name="Scenario6081" time="0.001"/>
  <testcase classname="TestCases.TC_ID6081" name="Scenario6081" time="0.001"/>
  <testcase classname="TestCases.TC_ID6081" name="Scenario6081" time="0.001"/>
  <testcase classname="TestCases.TC_ID6081" name="Scenario6081" time="0.002"/>
  <testcase classname="TestCases.TC_ID6081" name="Scenario6081" time="0.0"/>
  <testcase classname="TestCases.TC_ID6081" name="Scenario6081" time="0.001"/>
  <testcase classname="TestCases.TC_ID6081" name="Scenario6081" time="0.002"/>
  <testcase classname="TestCases.TC_ID6081" name="Scenario6081" time="0.001"/>
  <testcase classname="TestCases.TC_ID6081" name="Scenario6081" time="0.001"/>
  <testcase classname="TestCases.TC_ID6081" name="Scenario6081" time="0.001"/>
  <testcase classname="TestCases.TC_ID6081" name="Scenario6081" time="0.0"/>
  <testcase classname="TestCases.TC_ID6081" name="Scenario6081" time="0.004"/>
  <testcase classname="TestCases.TC_ID6081" name="Scenario6081" time="0.002"/>
  <testcase classname="TestCases.TC_ID6081" name="Scenario6081" time="0.004"/>
  <testcase classname="TestCases.TC_ID6081" name="Scenario6081" time="0.001"/>
  <testcase classname="TestCases.TC_ID6081" name="Scenario6081" time="0.001"/>
  <testcase classname="TestCases.TC_ID6081" name="Scenario6081" time="0.001"/>
  <testcase classname="TestCases.TC_ID6081" name="Scenario6081" time="0.001"/>
  <testcase classname="TestCases.TC_ID6081" name="Scenario6081" time="0.001"/>
  <testcase classname="TestCases.TC_ID6081" name="Scenario6081" time="0.001"/>
  <testcase classname="TestCases.TC_ID6081" name="Scenario6081" time="0.001"/>
  <testcase classname="TestCases.TC_ID6081" name="Scenario6081" time="0.0"/>
  <testcase classname="TestCases.TC_ID6081" name="Scenario6081" time="0.0"/>
  <testcase classname="TestCases.TC_ID6081" name="Scenario6081" time="0.0"/>
  <testcase classname="TestCases.TC_ID6081" name="Scenario6081" time="0.0"/>
  <testcase classname="TestCases.TC_ID6081" name="Scenario6081" time="0.001"/>
  <testcase classname="TestCases.TC_ID6081" name="Scenario6081" time="0.0"/>
  <testcase classname="TestCases.TC_ID6081" name="Scenario6081" time="0.0"/>
</testsuite> <!-- What happens if we don't select - Traveller date of birth -->
