<?xml version="1.0" encoding="UTF-8"?>
<!-- Generated by org.testng.reporters.JUnitXMLReporter -->
<testsuite hostname="DESKTOP-5F714E5" ignored="0" name="A user can add policy holder details, ST:Accept Cookies, Europe,Family(3),Travel Only" tests="41" failures="0" timestamp="2021-11-11T16:12:35 IST" time="69.152" errors="0">
  <testcase name="Scenario1803" time="0.001" classname="TestCases.TC_ID1803"/>
  <testcase name="Scenario1803" time="0.001" classname="TestCases.TC_ID1803"/>
  <testcase name="Scenario1803" time="23.219" classname="TestCases.TC_ID1803"/>
  <testcase name="Scenario1803" time="0.0" classname="TestCases.TC_ID1803"/>
  <testcase name="Scenario1803" time="0.0" classname="TestCases.TC_ID1803"/>
  <testcase name="Scenario1803" time="0.0" classname="TestCases.TC_ID1803"/>
  <testcase name="Scenario1803" time="0.001" classname="TestCases.TC_ID1803"/>
  <testcase name="Scenario1803" time="0.0" classname="TestCases.TC_ID1803"/>
  <testcase name="Scenario1803" time="0.0" classname="TestCases.TC_ID1803"/>
  <testcase name="Scenario1803" time="0.0" classname="TestCases.TC_ID1803"/>
  <testcase name="Scenario1803" time="0.0" classname="TestCases.TC_ID1803"/>
  <testcase name="Scenario1803" time="0.0" classname="TestCases.TC_ID1803"/>
  <testcase name="Scenario1803" time="0.0" classname="TestCases.TC_ID1803"/>
  <testcase name="Scenario1803" time="0.0" classname="TestCases.TC_ID1803"/>
  <testcase name="Scenario1803" time="0.0" classname="TestCases.TC_ID1803"/>
  <testcase name="Scenario1803" time="0.0" classname="TestCases.TC_ID1803"/>
  <testcase name="Scenario1803" time="0.0" classname="TestCases.TC_ID1803"/>
  <testcase name="Scenario1803" time="0.0" classname="TestCases.TC_ID1803"/>
  <testcase name="Scenario1803" time="0.001" classname="TestCases.TC_ID1803"/>
  <testcase name="Scenario1803" time="0.0" classname="TestCases.TC_ID1803"/>
  <testcase name="Scenario1803" time="0.0" classname="TestCases.TC_ID1803"/>
  <testcase name="Scenario1803" time="0.001" classname="TestCases.TC_ID1803"/>
  <testcase name="Scenario1803" time="0.001" classname="TestCases.TC_ID1803"/>
  <testcase name="Scenario1803" time="0.0" classname="TestCases.TC_ID1803"/>
  <testcase name="Scenario1803" time="0.0" classname="TestCases.TC_ID1803"/>
  <testcase name="Scenario1803" time="0.001" classname="TestCases.TC_ID1803"/>
  <testcase name="Scenario1803" time="0.0" classname="TestCases.TC_ID1803"/>
  <testcase name="Scenario1803" time="0.001" classname="TestCases.TC_ID1803"/>
  <testcase name="Scenario1803" time="0.001" classname="TestCases.TC_ID1803"/>
  <testcase name="Scenario1803" time="0.0" classname="TestCases.TC_ID1803"/>
  <testcase name="Scenario1803" time="0.0" classname="TestCases.TC_ID1803"/>
  <testcase name="Scenario1803" time="0.0" classname="TestCases.TC_ID1803"/>
  <testcase name="Scenario1803" time="0.0" classname="TestCases.TC_ID1803"/>
  <testcase name="Scenario1803" time="0.0" classname="TestCases.TC_ID1803"/>
  <testcase name="Scenario1803" time="0.0" classname="TestCases.TC_ID1803"/>
  <testcase name="Scenario1803" time="0.0" classname="TestCases.TC_ID1803"/>
  <testcase name="Scenario1803" time="0.001" classname="TestCases.TC_ID1803"/>
  <testcase name="Scenario1803" time="0.0" classname="TestCases.TC_ID1803"/>
  <testcase name="Scenario1803" time="0.001" classname="TestCases.TC_ID1803"/>
  <testcase name="Scenario1803" time="0.0" classname="TestCases.TC_ID1803"/>
  <testcase name="Scenario1803" time="0.001" classname="TestCases.TC_ID1803"/>
</testsuite> <!-- A user can add policy holder details, ST:Accept Cookies, Europe,Family(3),Travel Only -->
