<?xml version="1.0" encoding="UTF-8"?>
<!-- Generated by org.testng.reporters.JUnitXMLReporter -->
<testsuite hostname="DESKTOP-5F714E5" ignored="0" name="Verify user able to create Travel and medical policy with Group - Single Trip" tests="41" failures="0" timestamp="2021-11-11T16:08:15 IST" time="167.09" errors="0">
  <testcase name="Scenario3941" time="107.375" classname="TestCases.TC_ID3941"/>
  <testcase name="Scenario3941" time="0.0" classname="TestCases.TC_ID3941"/>
  <testcase name="Scenario3941" time="0.001" classname="TestCases.TC_ID3941"/>
  <testcase name="Scenario3941" time="0.0" classname="TestCases.TC_ID3941"/>
  <testcase name="Scenario3941" time="0.0" classname="TestCases.TC_ID3941"/>
  <testcase name="Scenario3941" time="0.0" classname="TestCases.TC_ID3941"/>
  <testcase name="Scenario3941" time="0.0" classname="TestCases.TC_ID3941"/>
  <testcase name="Scenario3941" time="0.0" classname="TestCases.TC_ID3941"/>
  <testcase name="Scenario3941" time="0.001" classname="TestCases.TC_ID3941"/>
  <testcase name="Scenario3941" time="0.001" classname="TestCases.TC_ID3941"/>
  <testcase name="Scenario3941" time="0.0" classname="TestCases.TC_ID3941"/>
  <testcase name="Scenario3941" time="0.0" classname="TestCases.TC_ID3941"/>
  <testcase name="Scenario3941" time="0.0" classname="TestCases.TC_ID3941"/>
  <testcase name="Scenario3941" time="0.001" classname="TestCases.TC_ID3941"/>
  <testcase name="Scenario3941" time="0.002" classname="TestCases.TC_ID3941"/>
  <testcase name="Scenario3941" time="0.002" classname="TestCases.TC_ID3941"/>
  <testcase name="Scenario3941" time="0.001" classname="TestCases.TC_ID3941"/>
  <testcase name="Scenario3941" time="0.0" classname="TestCases.TC_ID3941"/>
  <testcase name="Scenario3941" time="0.0" classname="TestCases.TC_ID3941"/>
  <testcase name="Scenario3941" time="0.002" classname="TestCases.TC_ID3941"/>
  <testcase name="Scenario3941" time="0.0" classname="TestCases.TC_ID3941"/>
  <testcase name="Scenario3941" time="0.001" classname="TestCases.TC_ID3941"/>
  <testcase name="Scenario3941" time="0.0" classname="TestCases.TC_ID3941"/>
  <testcase name="Scenario3941" time="0.001" classname="TestCases.TC_ID3941"/>
  <testcase name="Scenario3941" time="0.0" classname="TestCases.TC_ID3941"/>
  <testcase name="Scenario3941" time="0.0" classname="TestCases.TC_ID3941"/>
  <testcase name="Scenario3941" time="0.0" classname="TestCases.TC_ID3941"/>
  <testcase name="Scenario3941" time="0.0" classname="TestCases.TC_ID3941"/>
  <testcase name="Scenario3941" time="0.001" classname="TestCases.TC_ID3941"/>
  <testcase name="Scenario3941" time="0.004" classname="TestCases.TC_ID3941"/>
  <testcase name="Scenario3941" time="0.001" classname="TestCases.TC_ID3941"/>
  <testcase name="Scenario3941" time="0.001" classname="TestCases.TC_ID3941"/>
  <testcase name="Scenario3941" time="0.0" classname="TestCases.TC_ID3941"/>
  <testcase name="Scenario3941" time="0.0" classname="TestCases.TC_ID3941"/>
  <testcase name="Scenario3941" time="0.0" classname="TestCases.TC_ID3941"/>
  <testcase name="Scenario3941" time="0.001" classname="TestCases.TC_ID3941"/>
  <testcase name="Scenario3941" time="0.0" classname="TestCases.TC_ID3941"/>
  <testcase name="Scenario3941" time="0.0" classname="TestCases.TC_ID3941"/>
  <testcase name="Scenario3941" time="0.001" classname="TestCases.TC_ID3941"/>
  <testcase name="Scenario3941" time="0.001" classname="TestCases.TC_ID3941"/>
  <testcase name="Scenario3941" time="0.0" classname="TestCases.TC_ID3941"/>
</testsuite> <!-- Verify user able to create Travel and medical policy with Group - Single Trip -->
