<?xml version="1.0" encoding="UTF-8"?>
<!-- Generated by org.testng.reporters.JUnitXMLReporter -->
<testsuite ignored="0" hostname="DESKTOP-5F714E5" failures="0" tests="1" name="Check what happens if we click Yes to 2nd question in Pre existing medical condition page(failed)" time="115.878" errors="0" timestamp="2022-01-18T12:45:54 IST">
  <testcase classname="TestCases.TC_ID6120" name="Scenario6120" time="8.644"/>
</testsuite> <!-- Check what happens if we click Yes to 2nd question in Pre existing medical condition page(failed) -->
