<?xml version="1.0" encoding="UTF-8"?>
<testsuite xmlns:xsi="http://www.w3.org/2001/XMLSchema-instance" xsi:noNamespaceSchemaLocation="https://maven.apache.org/surefire/maven-surefire-plugin/xsd/surefire-test-report-3.0.xsd" version="3.0" name="TestSuite" time="710.667" tests="205" errors="0" skipped="0" failures="0">
  <properties>
[...]
</properties>
  <testcase name="Scenario3941" classname="TestCases.TC_ID3941" time="107.377"/>
  <testcase name="Scenario3941" classname="TestCases.TC_ID3941" time="0"/>
  <testcase name="Scenario3941" classname="TestCases.TC_ID3941" time="0.001"/>
  <testcase name="Scenario3941" classname="TestCases.TC_ID3941" time="0"/>
  <testcase name="Scenario3941" classname="TestCases.TC_ID3941" time="0.001"/>
  <testcase name="Scenario3941" classname="TestCases.TC_ID3941" time="0.001"/>
  <testcase name="Scenario3941" classname="TestCases.TC_ID3941" time="0.001"/>
  <testcase name="Scenario3941" classname="TestCases.TC_ID3941" time="0"/>
  <testcase name="Scenario3941" classname="TestCases.TC_ID3941" time="0.001"/>
  <testcase name="Scenario3941" classname="TestCases.TC_ID3941" time="0"/>
  <testcase name="Scenario3941" classname="TestCases.TC_ID3941" time="0"/>
  <testcase name="Scenario3941" classname="TestCases.TC_ID3941" time="0.001"/>
  <testcase name="Scenario3941" classname="TestCases.TC_ID3941" time="0.001"/>
  <testcase name="Scenario3941" classname="TestCases.TC_ID3941" time="0.001"/>
  <testcase name="Scenario3941" classname="TestCases.TC_ID3941" time="0.002"/>
  <testcase name="Scenario3941" classname="TestCases.TC_ID3941" time="0.002"/>
  <testcase name="Scenario3941" classname="TestCases.TC_ID3941" time="0"/>
  <testcase name="Scenario3941" classname="TestCases.TC_ID3941" time="0"/>
  <testcase name="Scenario3941" classname="TestCases.TC_ID3941" time="0.001"/>
  <testcase name="Scenario3941" classname="TestCases.TC_ID3941" time="0.002"/>
  <testcase name="Scenario3941" classname="TestCases.TC_ID3941" time="0.001"/>
  <testcase name="Scenario3941" classname="TestCases.TC_ID3941" time="0.001"/>
  <testcase name="Scenario3941" classname="TestCases.TC_ID3941" time="0"/>
  <testcase name="Scenario3941" classname="TestCases.TC_ID3941" time="0.001"/>
  <testcase name="Scenario3941" classname="TestCases.TC_ID3941" time="0"/>
  <testcase name="Scenario3941" classname="TestCases.TC_ID3941" time="0"/>
  <testcase name="Scenario3941" classname="TestCases.TC_ID3941" time="0"/>
  <testcase name="Scenario3941" classname="TestCases.TC_ID3941" time="0"/>
  <testcase name="Scenario3941" classname="TestCases.TC_ID3941" time="0.001"/>
  <testcase name="Scenario3941" classname="TestCases.TC_ID3941" time="0.004"/>
  <testcase name="Scenario3941" classname="TestCases.TC_ID3941" time="0.001"/>
  <testcase name="Scenario3941" classname="TestCases.TC_ID3941" time="0.001"/>
  <testcase name="Scenario3941" classname="TestCases.TC_ID3941" time="0"/>
  <testcase name="Scenario3941" classname="TestCases.TC_ID3941" time="0"/>
  <testcase name="Scenario3941" classname="TestCases.TC_ID3941" time="0.001"/>
  <testcase name="Scenario3941" classname="TestCases.TC_ID3941" time="0.001"/>
  <testcase name="Scenario3941" classname="TestCases.TC_ID3941" time="0"/>
  <testcase name="Scenario3941" classname="TestCases.TC_ID3941" time="0"/>
  <testcase name="Scenario3941" classname="TestCases.TC_ID3941" time="0.001"/>
  <testcase name="Scenario3941" classname="TestCases.TC_ID3941" time="0.001"/>
  <testcase name="Scenario3941" classname="TestCases.TC_ID3941" time="0.001"/>
  <testcase name="Scenario3945" classname="TestCases.TC_ID3945" time="0.001"/>
  <testcase name="Scenario3945" classname="TestCases.TC_ID3945" time="141.468"/>
  <testcase name="Scenario3945" classname="TestCases.TC_ID3945" time="0"/>
  <testcase name="Scenario3945" classname="TestCases.TC_ID3945" time="0"/>
  <testcase name="Scenario3945" classname="TestCases.TC_ID3945" time="0"/>
  <testcase name="Scenario3945" classname="TestCases.TC_ID3945" time="0"/>
  <testcase name="Scenario3945" classname="TestCases.TC_ID3945" time="0"/>
  <testcase name="Scenario3945" classname="TestCases.TC_ID3945" time="0.001"/>
  <testcase name="Scenario3945" classname="TestCases.TC_ID3945" time="0"/>
  <testcase name="Scenario3945" classname="TestCases.TC_ID3945" time="0"/>
  <testcase name="Scenario3945" classname="TestCases.TC_ID3945" time="0"/>
  <testcase name="Scenario3945" classname="TestCases.TC_ID3945" time="0"/>
  <testcase name="Scenario3945" classname="TestCases.TC_ID3945" time="0.001"/>
  <testcase name="Scenario3945" classname="TestCases.TC_ID3945" time="0"/>
  <testcase name="Scenario3945" classname="TestCases.TC_ID3945" time="0"/>
  <testcase name="Scenario3945" classname="TestCases.TC_ID3945" time="0.001"/>
  <testcase name="Scenario3945" classname="TestCases.TC_ID3945" time="0"/>
  <testcase name="Scenario3945" classname="TestCases.TC_ID3945" time="0.001"/>
  <testcase name="Scenario3945" classname="TestCases.TC_ID3945" time="0"/>
  <testcase name="Scenario3945" classname="TestCases.TC_ID3945" time="0"/>
  <testcase name="Scenario3945" classname="TestCases.TC_ID3945" time="0"/>
  <testcase name="Scenario3945" classname="TestCases.TC_ID3945" time="0.001"/>
  <testcase name="Scenario3945" classname="TestCases.TC_ID3945" time="0.001"/>
  <testcase name="Scenario3945" classname="TestCases.TC_ID3945" time="0.001"/>
  <testcase name="Scenario3945" classname="TestCases.TC_ID3945" time="0.001"/>
  <testcase name="Scenario3945" classname="TestCases.TC_ID3945" time="0.001"/>
  <testcase name="Scenario3945" classname="TestCases.TC_ID3945" time="0.001"/>
  <testcase name="Scenario3945" classname="TestCases.TC_ID3945" time="0"/>
  <testcase name="Scenario3945" classname="TestCases.TC_ID3945" time="0.001"/>
  <testcase name="Scenario3945" classname="TestCases.TC_ID3945" time="0.001"/>
  <testcase name="Scenario3945" classname="TestCases.TC_ID3945" time="0.001"/>
  <testcase name="Scenario3945" classname="TestCases.TC_ID3945" time="0.001"/>
  <testcase name="Scenario3945" classname="TestCases.TC_ID3945" time="0.001"/>
  <testcase name="Scenario3945" classname="TestCases.TC_ID3945" time="0.001"/>
  <testcase name="Scenario3945" classname="TestCases.TC_ID3945" time="0.001"/>
  <testcase name="Scenario3945" classname="TestCases.TC_ID3945" time="0.003"/>
  <testcase name="Scenario3945" classname="TestCases.TC_ID3945" time="0.001"/>
  <testcase name="Scenario3945" classname="TestCases.TC_ID3945" time="0.001"/>
  <testcase name="Scenario3945" classname="TestCases.TC_ID3945" time="0.001"/>
  <testcase name="Scenario3945" classname="TestCases.TC_ID3945" time="0.001"/>
  <testcase name="Scenario3945" classname="TestCases.TC_ID3945" time="0"/>
  <testcase name="Scenario1803" classname="TestCases.TC_ID1803" time="0.001"/>
  <testcase name="Scenario1803" classname="TestCases.TC_ID1803" time="0.001"/>
  <testcase name="Scenario1803" classname="TestCases.TC_ID1803" time="23.219"/>
  <testcase name="Scenario1803" classname="TestCases.TC_ID1803" time="0"/>
  <testcase name="Scenario1803" classname="TestCases.TC_ID1803" time="0"/>
  <testcase name="Scenario1803" classname="TestCases.TC_ID1803" time="0"/>
  <testcase name="Scenario1803" classname="TestCases.TC_ID1803" time="0.001"/>
  <testcase name="Scenario1803" classname="TestCases.TC_ID1803" time="0"/>
  <testcase name="Scenario1803" classname="TestCases.TC_ID1803" time="0"/>
  <testcase name="Scenario1803" classname="TestCases.TC_ID1803" time="0.001"/>
  <testcase name="Scenario1803" classname="TestCases.TC_ID1803" time="0"/>
  <testcase name="Scenario1803" classname="TestCases.TC_ID1803" time="0"/>
  <testcase name="Scenario1803" classname="TestCases.TC_ID1803" time="0"/>
  <testcase name="Scenario1803" classname="TestCases.TC_ID1803" time="0"/>
  <testcase name="Scenario1803" classname="TestCases.TC_ID1803" time="0.001"/>
  <testcase name="Scenario1803" classname="TestCases.TC_ID1803" time="0"/>
  <testcase name="Scenario1803" classname="TestCases.TC_ID1803" time="0"/>
  <testcase name="Scenario1803" classname="TestCases.TC_ID1803" time="0"/>
  <testcase name="Scenario1803" classname="TestCases.TC_ID1803" time="0.001"/>
  <testcase name="Scenario1803" classname="TestCases.TC_ID1803" time="0"/>
  <testcase name="Scenario1803" classname="TestCases.TC_ID1803" time="0"/>
  <testcase name="Scenario1803" classname="TestCases.TC_ID1803" time="0.001"/>
  <testcase name="Scenario1803" classname="TestCases.TC_ID1803" time="0.001"/>
  <testcase name="Scenario1803" classname="TestCases.TC_ID1803" time="0"/>
  <testcase name="Scenario1803" classname="TestCases.TC_ID1803" time="0"/>
  <testcase name="Scenario1803" classname="TestCases.TC_ID1803" time="0.001"/>
  <testcase name="Scenario1803" classname="TestCases.TC_ID1803" time="0"/>
  <testcase name="Scenario1803" classname="TestCases.TC_ID1803" time="0.001"/>
  <testcase name="Scenario1803" classname="TestCases.TC_ID1803" time="0.001"/>
  <testcase name="Scenario1803" classname="TestCases.TC_ID1803" time="0"/>
  <testcase name="Scenario1803" classname="TestCases.TC_ID1803" time="0"/>
  <testcase name="Scenario1803" classname="TestCases.TC_ID1803" time="0"/>
  <testcase name="Scenario1803" classname="TestCases.TC_ID1803" time="0"/>
  <testcase name="Scenario1803" classname="TestCases.TC_ID1803" time="0"/>
  <testcase name="Scenario1803" classname="TestCases.TC_ID1803" time="0"/>
  <testcase name="Scenario1803" classname="TestCases.TC_ID1803" time="0"/>
  <testcase name="Scenario1803" classname="TestCases.TC_ID1803" time="0.001"/>
  <testcase name="Scenario1803" classname="TestCases.TC_ID1803" time="0"/>
  <testcase name="Scenario1803" classname="TestCases.TC_ID1803" time="0.001"/>
  <testcase name="Scenario1803" classname="TestCases.TC_ID1803" time="0"/>
  <testcase name="Scenario1803" classname="TestCases.TC_ID1803" time="0.001"/>
  <testcase name="Scenario3971" classname="TestCases.TC_ID3971" time="0.002"/>
  <testcase name="Scenario3971" classname="TestCases.TC_ID3971" time="0"/>
  <testcase name="Scenario3971" classname="TestCases.TC_ID3971" time="0"/>
  <testcase name="Scenario3971" classname="TestCases.TC_ID3971" time="102.102"/>
  <testcase name="Scenario3971" classname="TestCases.TC_ID3971" time="0.001"/>
  <testcase name="Scenario3971" classname="TestCases.TC_ID3971" time="0"/>
  <testcase name="Scenario3971" classname="TestCases.TC_ID3971" time="0"/>
  <testcase name="Scenario3971" classname="TestCases.TC_ID3971" time="0.001"/>
  <testcase name="Scenario3971" classname="TestCases.TC_ID3971" time="0"/>
  <testcase name="Scenario3971" classname="TestCases.TC_ID3971" time="0"/>
  <testcase name="Scenario3971" classname="TestCases.TC_ID3971" time="0.001"/>
  <testcase name="Scenario3971" classname="TestCases.TC_ID3971" time="0"/>
  <testcase name="Scenario3971" classname="TestCases.TC_ID3971" time="0"/>
  <testcase name="Scenario3971" classname="TestCases.TC_ID3971" time="0.001"/>
  <testcase name="Scenario3971" classname="TestCases.TC_ID3971" time="0"/>
  <testcase name="Scenario3971" classname="TestCases.TC_ID3971" time="0.001"/>
  <testcase name="Scenario3971" classname="TestCases.TC_ID3971" time="0.001"/>
  <testcase name="Scenario3971" classname="TestCases.TC_ID3971" time="0"/>
  <testcase name="Scenario3971" classname="TestCases.TC_ID3971" time="0"/>
  <testcase name="Scenario3971" classname="TestCases.TC_ID3971" time="0"/>
  <testcase name="Scenario3971" classname="TestCases.TC_ID3971" time="0.001"/>
  <testcase name="Scenario3971" classname="TestCases.TC_ID3971" time="0"/>
  <testcase name="Scenario3971" classname="TestCases.TC_ID3971" time="0"/>
  <testcase name="Scenario3971" classname="TestCases.TC_ID3971" time="0.001"/>
  <testcase name="Scenario3971" classname="TestCases.TC_ID3971" time="0.001"/>
  <testcase name="Scenario3971" classname="TestCases.TC_ID3971" time="0"/>
  <testcase name="Scenario3971" classname="TestCases.TC_ID3971" time="0"/>
  <testcase name="Scenario3971" classname="TestCases.TC_ID3971" time="0.001"/>
  <testcase name="Scenario3971" classname="TestCases.TC_ID3971" time="0"/>
  <testcase name="Scenario3971" classname="TestCases.TC_ID3971" time="0"/>
  <testcase name="Scenario3971" classname="TestCases.TC_ID3971" time="0"/>
  <testcase name="Scenario3971" classname="TestCases.TC_ID3971" time="0.001"/>
  <testcase name="Scenario3971" classname="TestCases.TC_ID3971" time="0"/>
  <testcase name="Scenario3971" classname="TestCases.TC_ID3971" time="0"/>
  <testcase name="Scenario3971" classname="TestCases.TC_ID3971" time="0"/>
  <testcase name="Scenario3971" classname="TestCases.TC_ID3971" time="0"/>
  <testcase name="Scenario3971" classname="TestCases.TC_ID3971" time="0"/>
  <testcase name="Scenario3971" classname="TestCases.TC_ID3971" time="0"/>
  <testcase name="Scenario3971" classname="TestCases.TC_ID3971" time="0.001"/>
  <testcase name="Scenario3971" classname="TestCases.TC_ID3971" time="0"/>
  <testcase name="Scenario3971" classname="TestCases.TC_ID3971" time="0"/>
  <testcase name="Scenario3972" classname="TestCases.TC_ID3972" time="0.001"/>
  <testcase name="Scenario3972" classname="TestCases.TC_ID3972" time="0"/>
  <testcase name="Scenario3972" classname="TestCases.TC_ID3972" time="0"/>
  <testcase name="Scenario3972" classname="TestCases.TC_ID3972" time="0"/>
  <testcase name="Scenario3972" classname="TestCases.TC_ID3972" time="92.044"/>
  <testcase name="Scenario3972" classname="TestCases.TC_ID3972" time="0"/>
  <testcase name="Scenario3972" classname="TestCases.TC_ID3972" time="0"/>
  <testcase name="Scenario3972" classname="TestCases.TC_ID3972" time="0"/>
  <testcase name="Scenario3972" classname="TestCases.TC_ID3972" time="0"/>
  <testcase name="Scenario3972" classname="TestCases.TC_ID3972" time="0.001"/>
  <testcase name="Scenario3972" classname="TestCases.TC_ID3972" time="0"/>
  <testcase name="Scenario3972" classname="TestCases.TC_ID3972" time="0"/>
  <testcase name="Scenario3972" classname="TestCases.TC_ID3972" time="0"/>
  <testcase name="Scenario3972" classname="TestCases.TC_ID3972" time="0"/>
  <testcase name="Scenario3972" classname="TestCases.TC_ID3972" time="0"/>
  <testcase name="Scenario3972" classname="TestCases.TC_ID3972" time="0.001"/>
  <testcase name="Scenario3972" classname="TestCases.TC_ID3972" time="0.001"/>
  <testcase name="Scenario3972" classname="TestCases.TC_ID3972" time="0"/>
  <testcase name="Scenario3972" classname="TestCases.TC_ID3972" time="0"/>
  <testcase name="Scenario3972" classname="TestCases.TC_ID3972" time="0.001"/>
  <testcase name="Scenario3972" classname="TestCases.TC_ID3972" time="0"/>
  <testcase name="Scenario3972" classname="TestCases.TC_ID3972" time="0.001"/>
  <testcase name="Scenario3972" classname="TestCases.TC_ID3972" time="0"/>
  <testcase name="Scenario3972" classname="TestCases.TC_ID3972" time="0.001"/>
  <testcase name="Scenario3972" classname="TestCases.TC_ID3972" time="0"/>
  <testcase name="Scenario3972" classname="TestCases.TC_ID3972" time="0.001"/>
  <testcase name="Scenario3972" classname="TestCases.TC_ID3972" time="0"/>
  <testcase name="Scenario3972" classname="TestCases.TC_ID3972" time="0.001"/>
  <testcase name="Scenario3972" classname="TestCases.TC_ID3972" time="0"/>
  <testcase name="Scenario3972" classname="TestCases.TC_ID3972" time="0"/>
  <testcase name="Scenario3972" classname="TestCases.TC_ID3972" time="0.001"/>
  <testcase name="Scenario3972" classname="TestCases.TC_ID3972" time="0"/>
  <testcase name="Scenario3972" classname="TestCases.TC_ID3972" time="0.001"/>
  <testcase name="Scenario3972" classname="TestCases.TC_ID3972" time="0"/>
  <testcase name="Scenario3972" classname="TestCases.TC_ID3972" time="0"/>
  <testcase name="Scenario3972" classname="TestCases.TC_ID3972" time="0"/>
  <testcase name="Scenario3972" classname="TestCases.TC_ID3972" time="0"/>
  <testcase name="Scenario3972" classname="TestCases.TC_ID3972" time="0"/>
  <testcase name="Scenario3972" classname="TestCases.TC_ID3972" time="0"/>
  <testcase name="Scenario3972" classname="TestCases.TC_ID3972" time="0.001"/>
  <testcase name="Scenario3972" classname="TestCases.TC_ID3972" time="0"/>
</testsuite>